<?xml version="1.0" ?>
<testsuites disabled="0" errors="0" failures="89" tests="236" time="0.0">
	<testsuite disabled="0" errors="0" failures="89" name="terraform scan" skipped="0" tests="236" time="0">
		<properties>
			<property name="directory" value="['/tf']"/>
			<property name="add_check" value="False"/>
			<property name="list" value="False"/>
			<property name="output" value="['junitxml']"/>
			<property name="output_file_path" value="results.xml"/>
			<property name="output_bc_ids" value="False"/>
			<property name="include_all_checkov_policies" value="True"/>
			<property name="quiet" value="False"/>
			<property name="compact" value="False"/>
			<property name="framework" value="['all']"/>
			<property name="skip_framework" value="[]"/>
			<property name="run_all_external_checks" value="False"/>
			<property name="soft_fail" value="False"/>
			<property name="skip_results_upload" value="False"/>
			<property name="repo_id" value="cli_repo/tf"/>
			<property name="branch" value="master"/>
			<property name="skip_download" value="False"/>
			<property name="use_enforcement_rules" value="False"/>
			<property name="external_modules_download_path" value=".external_modules"/>
			<property name="evaluate_variables" value="True"/>
			<property name="no_cert_verify" value="False"/>
			<property name="create_baseline" value="False"/>
			<property name="output_baseline_as_skipped" value="False"/>
			<property name="secrets_scan_file_type" value="[]"/>
			<property name="enable_secret_scan_all_files" value="False"/>
			<property name="block_list_secret_scan" value="[]"/>
			<property name="summary_position" value="top"/>
			<property name="skip_resources_without_violations" value="False"/>
			<property name="deep_analysis" value="False"/>
			<property name="no_fail_on_crash" value="False"/>
			<property name="mask" value="defaultdict(&lt;class 'set'&gt;, {})"/>
			<property name="scan_secrets_history" value="False"/>
			<property name="secrets_history_timeout" value="12h"/>
			<property name="custom_tool_name" value="Checkov"/>
		</properties>
		<testcase name="[NONE][CKV2_AWS_70] Ensure API gateway method has authorization or API key set" classname="/api_gateway.tf.aws_api_gateway_method.ventas_post" file="/api_gateway.tf"/>
		<testcase name="[NONE][CKV_AWS_59] Ensure there is no open access to back-end resources through API" classname="/api_gateway.tf.aws_api_gateway_method.ventas_post" file="/api_gateway.tf"/>
		<testcase name="[NONE][CKV2_AWS_70] Ensure API gateway method has authorization or API key set" classname="/api_gateway.tf.aws_api_gateway_method.dev_get" file="/api_gateway.tf"/>
		<testcase name="[NONE][CKV_AWS_59] Ensure there is no open access to back-end resources through API" classname="/api_gateway.tf.aws_api_gateway_method.dev_get" file="/api_gateway.tf"/>
		<testcase name="[NONE][CKV_AWS_217] Ensure Create before destroy for API deployments" classname="/api_gateway.tf.aws_api_gateway_deployment.main" file="/api_gateway.tf"/>
		<testcase name="[NONE][CKV_AWS_76] Ensure API Gateway has Access Logging enabled" classname="/api_gateway.tf.aws_api_gateway_stage.main" file="/api_gateway.tf"/>
		<testcase name="[NONE][CKV_AWS_73] Ensure API Gateway has X-Ray Tracing enabled" classname="/api_gateway.tf.aws_api_gateway_stage.main" file="/api_gateway.tf"/>
		<testcase name="[NONE][CKV_AWS_120] Ensure API Gateway caching is enabled" classname="/api_gateway.tf.aws_api_gateway_stage.main" file="/api_gateway.tf"/>
		<testcase name="[NONE][CKV_AWS_225] Ensure API Gateway method setting caching is enabled" classname="/api_gateway.tf.aws_api_gateway_method_settings.main" file="/api_gateway.tf"/>
		<testcase name="[NONE][CKV_AWS_308] Ensure API Gateway method setting caching is set to encrypted" classname="/api_gateway.tf.aws_api_gateway_method_settings.main" file="/api_gateway.tf"/>
		<testcase name="[NONE][CKV_AWS_276] Ensure Data Trace is not enabled in API Gateway Method Settings" classname="/api_gateway.tf.aws_api_gateway_method_settings.main" file="/api_gateway.tf"/>
		<testcase name="[NONE][CKV_AWS_66] Ensure that CloudWatch Log Group specifies retention days" classname="/api_gateway.tf.aws_cloudwatch_log_group.api_gateway" file="/api_gateway.tf"/>
		<testcase name="[NONE][CKV_AWS_158] Ensure that CloudWatch Log Group is encrypted by KMS" classname="/api_gateway.tf.aws_cloudwatch_log_group.api_gateway" file="/api_gateway.tf"/>
		<testcase name="[NONE][CKV_AWS_233] Ensure Create before destroy for ACM certificates" classname="/api_gateway.tf.aws_acm_certificate.api" file="/api_gateway.tf"/>
		<testcase name="[NONE][CKV_AWS_234] Verify logging preference for ACM certificates" classname="/api_gateway.tf.aws_acm_certificate.api" file="/api_gateway.tf"/>
		<testcase name="[NONE][CKV_AWS_93] Ensure S3 bucket policy does not lockout all but root user. (Prevent lockouts needing root account fixes)" classname="/cloudfront.tf.aws_s3_bucket.frontend" file="/cloudfront.tf"/>
		<testcase name="[NONE][CKV_AWS_55] Ensure S3 bucket has ignore public ACLs enabled" classname="/cloudfront.tf.aws_s3_bucket_public_access_block.frontend" file="/cloudfront.tf"/>
		<testcase name="[NONE][CKV_AWS_56] Ensure S3 bucket has 'restrict_public_buckets' enabled" classname="/cloudfront.tf.aws_s3_bucket_public_access_block.frontend" file="/cloudfront.tf"/>
		<testcase name="[NONE][CKV_AWS_53] Ensure S3 bucket has block public ACLS enabled" classname="/cloudfront.tf.aws_s3_bucket_public_access_block.frontend" file="/cloudfront.tf"/>
		<testcase name="[NONE][CKV_AWS_54] Ensure S3 bucket has block public policy enabled" classname="/cloudfront.tf.aws_s3_bucket_public_access_block.frontend" file="/cloudfront.tf"/>
		<testcase name="[NONE][CKV_AWS_70] Ensure S3 bucket does not allow an action with any Principal" classname="/cloudfront.tf.aws_s3_bucket_policy.frontend" file="/cloudfront.tf"/>
		<testcase name="[NONE][CKV_AWS_93] Ensure S3 bucket policy does not lockout all but root user. (Prevent lockouts needing root account fixes)" classname="/cloudfront.tf.aws_s3_bucket_policy.frontend" file="/cloudfront.tf"/>
		<testcase name="[NONE][CKV_AWS_174] Verify CloudFront Distribution Viewer Certificate is using TLS v1.2 or higher" classname="/cloudfront.tf.aws_cloudfront_distribution.main" file="/cloudfront.tf"/>
		<testcase name="[NONE][CKV_AWS_34] Ensure CloudFront distribution ViewerProtocolPolicy is set to HTTPS" classname="/cloudfront.tf.aws_cloudfront_distribution.main" file="/cloudfront.tf"/>
		<testcase name="[NONE][CKV_AWS_305] Ensure CloudFront distribution has a default root object configured" classname="/cloudfront.tf.aws_cloudfront_distribution.main" file="/cloudfront.tf"/>
		<testcase name="[NONE][CKV_AWS_216] Ensure CloudFront distribution is enabled" classname="/cloudfront.tf.aws_cloudfront_distribution.main" file="/cloudfront.tf"/>
		<testcase name="[NONE][CKV_AWS_233] Ensure Create before destroy for ACM certificates" classname="/cloudfront.tf.aws_acm_certificate.main" file="/cloudfront.tf"/>
		<testcase name="[NONE][CKV_AWS_234] Verify logging preference for ACM certificates" classname="/cloudfront.tf.aws_acm_certificate.main" file="/cloudfront.tf"/>
		<testcase name="[NONE][CKV_AWS_363] Ensure Lambda Runtime is not deprecated" classname="/cognito.tf.aws_lambda_function.cognito_mfa_verifier" file="/cognito.tf"/>
		<testcase name="[NONE][CKV_AWS_45] Ensure no hard-coded secrets exist in lambda environment" classname="/cognito.tf.aws_lambda_function.cognito_mfa_verifier" file="/cognito.tf"/>
		<testcase name="[NONE][CKV_AWS_274] Disallow IAM roles, users, and groups from using the AWS AdministratorAccess policy" classname="/cognito.tf.aws_iam_role.cognito_lambda" file="/cognito.tf"/>
		<testcase name="[NONE][CKV_AWS_61] Ensure AWS IAM policy does not allow assume role permission across all services" classname="/cognito.tf.aws_iam_role.cognito_lambda" file="/cognito.tf"/>
		<testcase name="[NONE][CKV_AWS_60] Ensure IAM role allows only specific services or principals to assume it" classname="/cognito.tf.aws_iam_role.cognito_lambda" file="/cognito.tf"/>
		<testcase name="[NONE][CKV_AWS_274] Disallow IAM roles, users, and groups from using the AWS AdministratorAccess policy" classname="/cognito.tf.aws_iam_role_policy_attachment.cognito_lambda_basic" file="/cognito.tf"/>
		<testcase name="[NONE][CKV_AWS_28] Ensure DynamoDB point in time recovery (backup) is enabled" classname="/dynamodb.tf.aws_dynamodb_table.usuarios" file="/dynamodb.tf"/>
		<testcase name="[NONE][CKV_AWS_28] Ensure DynamoDB point in time recovery (backup) is enabled" classname="/dynamodb.tf.aws_dynamodb_table.informacion_original" file="/dynamodb.tf"/>
		<testcase name="[NONE][CKV_AWS_28] Ensure DynamoDB point in time recovery (backup) is enabled" classname="/dynamodb.tf.aws_dynamodb_table.informacion_guardada" file="/dynamodb.tf"/>
		<testcase name="[NONE][CKV_AWS_319] Ensure that CloudWatch alarm actions are enabled" classname="/dynamodb.tf.aws_cloudwatch_metric_alarm.dynamodb_read_throttle" file="/dynamodb.tf"/>
		<testcase name="[NONE][CKV_AWS_319] Ensure that CloudWatch alarm actions are enabled" classname="/dynamodb.tf.aws_cloudwatch_metric_alarm.dynamodb_write_throttle" file="/dynamodb.tf"/>
		<testcase name="[NONE][CKV_AWS_301] Ensure that AWS Lambda function is not publicly accessible" classname="/eventbridge.tf.aws_lambda_permission.eventbridge_orden_eliminada" file="/eventbridge.tf"/>
		<testcase name="[NONE][CKV_AWS_364] Ensure that AWS Lambda function permissions delegated to AWS services are limited by SourceArn or SourceAccount" classname="/eventbridge.tf.aws_lambda_permission.eventbridge_orden_eliminada" file="/eventbridge.tf"/>
		<testcase name="[NONE][CKV_AWS_33] Ensure KMS key policy does not contain wildcard (*) principal" classname="/kms.tf.aws_kms_key.cloudwatch_logs" file="/kms.tf"/>
		<testcase name="[NONE][CKV_AWS_227] Ensure KMS key is enabled" classname="/kms.tf.aws_kms_key.cloudwatch_logs" file="/kms.tf"/>
		<testcase name="[NONE][CKV_AWS_7] Ensure rotation for customer created CMKs is enabled" classname="/kms.tf.aws_kms_key.cloudwatch_logs" file="/kms.tf"/>
		<testcase name="[NONE][CKV_AWS_274] Disallow IAM roles, users, and groups from using the AWS AdministratorAccess policy" classname="/lambda.tf.aws_iam_role.lambda_exec" file="/lambda.tf"/>
		<testcase name="[NONE][CKV_AWS_61] Ensure AWS IAM policy does not allow assume role permission across all services" classname="/lambda.tf.aws_iam_role.lambda_exec" file="/lambda.tf"/>
		<testcase name="[NONE][CKV_AWS_60] Ensure IAM role allows only specific services or principals to assume it" classname="/lambda.tf.aws_iam_role.lambda_exec" file="/lambda.tf"/>
		<testcase name="[NONE][CKV_AWS_274] Disallow IAM roles, users, and groups from using the AWS AdministratorAccess policy" classname="/lambda.tf.aws_iam_role_policy_attachment.lambda_basic" file="/lambda.tf"/>
		<testcase name="[NONE][CKV_AWS_274] Disallow IAM roles, users, and groups from using the AWS AdministratorAccess policy" classname="/lambda.tf.aws_iam_role_policy_attachment.lambda_vpc" file="/lambda.tf"/>
		<testcase name="[NONE][CKV_AWS_62] Ensure IAM policies that allow full &quot;*-*&quot; administrative privileges are not created" classname="/lambda.tf.aws_iam_role_policy.lambda_access" file="/lambda.tf"/>
		<testcase name="[NONE][CKV_AWS_63] Ensure no IAM policies documents allow &quot;*&quot; as a statement's actions" classname="/lambda.tf.aws_iam_role_policy.lambda_access" file="/lambda.tf"/>
		<testcase name="[NONE][CKV_AWS_50] X-Ray tracing is enabled for Lambda" classname="/lambda.tf.aws_lambda_function.api_handler" file="/lambda.tf"/>
		<testcase name="[NONE][CKV_AWS_363] Ensure Lambda Runtime is not deprecated" classname="/lambda.tf.aws_lambda_function.api_handler" file="/lambda.tf"/>
		<testcase name="[NONE][CKV_AWS_45] Ensure no hard-coded secrets exist in lambda environment" classname="/lambda.tf.aws_lambda_function.api_handler" file="/lambda.tf"/>
		<testcase name="[NONE][CKV_AWS_301] Ensure that AWS Lambda function is not publicly accessible" classname="/lambda.tf.aws_lambda_permission.api_gateway" file="/lambda.tf"/>
		<testcase name="[NONE][CKV_AWS_364] Ensure that AWS Lambda function permissions delegated to AWS services are limited by SourceArn or SourceAccount" classname="/lambda.tf.aws_lambda_permission.api_gateway" file="/lambda.tf"/>
		<testcase name="[NONE][CKV_AWS_363] Ensure Lambda Runtime is not deprecated" classname="/lambda.tf.aws_lambda_function.sqs_orden_recibida_processor" file="/lambda.tf"/>
		<testcase name="[NONE][CKV_AWS_45] Ensure no hard-coded secrets exist in lambda environment" classname="/lambda.tf.aws_lambda_function.sqs_orden_recibida_processor" file="/lambda.tf"/>
		<testcase name="[NONE][CKV_AWS_363] Ensure Lambda Runtime is not deprecated" classname="/lambda.tf.aws_lambda_function.sqs_orden_validada_processor" file="/lambda.tf"/>
		<testcase name="[NONE][CKV_AWS_45] Ensure no hard-coded secrets exist in lambda environment" classname="/lambda.tf.aws_lambda_function.sqs_orden_validada_processor" file="/lambda.tf"/>
		<testcase name="[NONE][CKV_AWS_363] Ensure Lambda Runtime is not deprecated" classname="/lambda.tf.aws_lambda_function.sqs_orden_ejecutada_processor" file="/lambda.tf"/>
		<testcase name="[NONE][CKV_AWS_45] Ensure no hard-coded secrets exist in lambda environment" classname="/lambda.tf.aws_lambda_function.sqs_orden_ejecutada_processor" file="/lambda.tf"/>
		<testcase name="[NONE][CKV_AWS_363] Ensure Lambda Runtime is not deprecated" classname="/lambda.tf.aws_lambda_function.orden_eliminada_handler" file="/lambda.tf"/>
		<testcase name="[NONE][CKV_AWS_45] Ensure no hard-coded secrets exist in lambda environment" classname="/lambda.tf.aws_lambda_function.orden_eliminada_handler" file="/lambda.tf"/>
		<testcase name="[NONE][CKV_AWS_363] Ensure Lambda Runtime is not deprecated" classname="/lambda.tf.aws_lambda_function.completar_finalizar" file="/lambda.tf"/>
		<testcase name="[NONE][CKV_AWS_45] Ensure no hard-coded secrets exist in lambda environment" classname="/lambda.tf.aws_lambda_function.completar_finalizar" file="/lambda.tf"/>
		<testcase name="[NONE][CKV_AWS_363] Ensure Lambda Runtime is not deprecated" classname="/lambda.tf.aws_lambda_function.pdf_processing" file="/lambda.tf"/>
		<testcase name="[NONE][CKV_AWS_45] Ensure no hard-coded secrets exist in lambda environment" classname="/lambda.tf.aws_lambda_function.pdf_processing" file="/lambda.tf"/>
		<testcase name="[NONE][CKV_AWS_66] Ensure that CloudWatch Log Group specifies retention days" classname="/lambda.tf.aws_cloudwatch_log_group.api_handler" file="/lambda.tf"/>
		<testcase name="[NONE][CKV_AWS_158] Ensure that CloudWatch Log Group is encrypted by KMS" classname="/lambda.tf.aws_cloudwatch_log_group.api_handler" file="/lambda.tf"/>
		<testcase name="[NONE][CKV_AWS_66] Ensure that CloudWatch Log Group specifies retention days" classname="/lambda.tf.aws_cloudwatch_log_group.orden_recibida" file="/lambda.tf"/>
		<testcase name="[NONE][CKV_AWS_158] Ensure that CloudWatch Log Group is encrypted by KMS" classname="/lambda.tf.aws_cloudwatch_log_group.orden_recibida" file="/lambda.tf"/>
		<testcase name="[NONE][CKV_AWS_41] Ensure no hard coded AWS access key and secret key exists in provider" classname="/main.tf.aws.default" file="/main.tf"/>
		<testcase name="[NONE][CKV_AWS_93] Ensure S3 bucket policy does not lockout all but root user. (Prevent lockouts needing root account fixes)" classname="/s3.tf.aws_s3_bucket.data_storage" file="/s3.tf"/>
		<testcase name="[NONE][CKV_AWS_55] Ensure S3 bucket has ignore public ACLs enabled" classname="/s3.tf.aws_s3_bucket_public_access_block.data_storage" file="/s3.tf"/>
		<testcase name="[NONE][CKV_AWS_56] Ensure S3 bucket has 'restrict_public_buckets' enabled" classname="/s3.tf.aws_s3_bucket_public_access_block.data_storage" file="/s3.tf"/>
		<testcase name="[NONE][CKV_AWS_53] Ensure S3 bucket has block public ACLS enabled" classname="/s3.tf.aws_s3_bucket_public_access_block.data_storage" file="/s3.tf"/>
		<testcase name="[NONE][CKV_AWS_54] Ensure S3 bucket has block public policy enabled" classname="/s3.tf.aws_s3_bucket_public_access_block.data_storage" file="/s3.tf"/>
		<testcase name="[NONE][CKV_AWS_300] Ensure S3 lifecycle configuration sets period for aborting failed uploads" classname="/s3.tf.aws_s3_bucket_lifecycle_configuration.data_storage" file="/s3.tf"/>
		<testcase name="[NONE][CKV_AWS_301] Ensure that AWS Lambda function is not publicly accessible" classname="/s3.tf.aws_lambda_permission.s3_invoke_pdf_processing" file="/s3.tf"/>
		<testcase name="[NONE][CKV_AWS_364] Ensure that AWS Lambda function permissions delegated to AWS services are limited by SourceArn or SourceAccount" classname="/s3.tf.aws_lambda_permission.s3_invoke_pdf_processing" file="/s3.tf"/>
		<testcase name="[NONE][CKV_AWS_365] Ensure SES Configuration Set enforces TLS usage" classname="/ses.tf.aws_ses_configuration_set.main" file="/ses.tf"/>
		<testcase name="[NONE][CKV_AWS_363] Ensure Lambda Runtime is not deprecated" classname="/ses.tf.aws_lambda_function.ses_notification_processor" file="/ses.tf"/>
		<testcase name="[NONE][CKV_AWS_45] Ensure no hard-coded secrets exist in lambda environment" classname="/ses.tf.aws_lambda_function.ses_notification_processor" file="/ses.tf"/>
		<testcase name="[NONE][CKV_AWS_301] Ensure that AWS Lambda function is not publicly accessible" classname="/ses.tf.aws_lambda_permission.sns_invoke_ses_processor" file="/ses.tf"/>
		<testcase name="[NONE][CKV_AWS_364] Ensure that AWS Lambda function permissions delegated to AWS services are limited by SourceArn or SourceAccount" classname="/ses.tf.aws_lambda_permission.sns_invoke_ses_processor" file="/ses.tf"/>
		<testcase name="[NONE][CKV_AWS_168] Ensure SQS queue policy is not public by only allowing specific services or principals to access it" classname="/sqs.tf.aws_sqs_queue.orden_recibida" file="/sqs.tf"/>
		<testcase name="[NONE][CKV_AWS_168] Ensure SQS queue policy is not public by only allowing specific services or principals to access it" classname="/sqs.tf.aws_sqs_queue.orden_recibida_dlq" file="/sqs.tf"/>
		<testcase name="[NONE][CKV_AWS_168] Ensure SQS queue policy is not public by only allowing specific services or principals to access it" classname="/sqs.tf.aws_sqs_queue.orden_validada" file="/sqs.tf"/>
		<testcase name="[NONE][CKV_AWS_168] Ensure SQS queue policy is not public by only allowing specific services or principals to access it" classname="/sqs.tf.aws_sqs_queue.orden_validada_dlq" file="/sqs.tf"/>
		<testcase name="[NONE][CKV_AWS_168] Ensure SQS queue policy is not public by only allowing specific services or principals to access it" classname="/sqs.tf.aws_sqs_queue.orden_ejecutada" file="/sqs.tf"/>
		<testcase name="[NONE][CKV_AWS_168] Ensure SQS queue policy is not public by only allowing specific services or principals to access it" classname="/sqs.tf.aws_sqs_queue.orden_ejecutada_dlq" file="/sqs.tf"/>
		<testcase name="[NONE][CKV_AWS_168] Ensure SQS queue policy is not public by only allowing specific services or principals to access it" classname="/sqs.tf.aws_sqs_queue_policy.orden_recibida" file="/sqs.tf"/>
		<testcase name="[NONE][CKV_AWS_387] Ensure SQS policy does not allow public access through wildcards" classname="/sqs.tf.aws_sqs_queue_policy.orden_recibida" file="/sqs.tf"/>
		<testcase name="[NONE][CKV_AWS_72] Ensure SQS policy does not allow ALL (*) actions." classname="/sqs.tf.aws_sqs_queue_policy.orden_recibida" file="/sqs.tf"/>
		<testcase name="[NONE][CKV_AWS_168] Ensure SQS queue policy is not public by only allowing specific services or principals to access it" classname="/sqs.tf.aws_sqs_queue_policy.orden_validada" file="/sqs.tf"/>
		<testcase name="[NONE][CKV_AWS_387] Ensure SQS policy does not allow public access through wildcards" classname="/sqs.tf.aws_sqs_queue_policy.orden_validada" file="/sqs.tf"/>
		<testcase name="[NONE][CKV_AWS_72] Ensure SQS policy does not allow ALL (*) actions." classname="/sqs.tf.aws_sqs_queue_policy.orden_validada" file="/sqs.tf"/>
		<testcase name="[NONE][CKV_AWS_168] Ensure SQS queue policy is not public by only allowing specific services or principals to access it" classname="/sqs.tf.aws_sqs_queue_policy.orden_ejecutada" file="/sqs.tf"/>
		<testcase name="[NONE][CKV_AWS_387] Ensure SQS policy does not allow public access through wildcards" classname="/sqs.tf.aws_sqs_queue_policy.orden_ejecutada" file="/sqs.tf"/>
		<testcase name="[NONE][CKV_AWS_72] Ensure SQS policy does not allow ALL (*) actions." classname="/sqs.tf.aws_sqs_queue_policy.orden_ejecutada" file="/sqs.tf"/>
		<testcase name="[NONE][CKV_AWS_319] Ensure that CloudWatch alarm actions are enabled" classname="/sqs.tf.aws_cloudwatch_metric_alarm.orden_recibida_dlq" file="/sqs.tf"/>
		<testcase name="[NONE][CKV2_AWS_72] Ensure AWS CloudFront origin protocol policy enforces HTTPS-only" classname="/cloudfront.tf.aws_cloudfront_distribution.main" file="/cloudfront.tf"/>
		<testcase name="[NONE][CKV2_AWS_56] Ensure AWS Managed IAMFullAccess IAM policy is not used." classname="/cognito.tf.aws_iam_role.cognito_lambda" file="/cognito.tf"/>
		<testcase name="[NONE][CKV2_AWS_56] Ensure AWS Managed IAMFullAccess IAM policy is not used." classname="/cognito.tf.aws_iam_role_policy_attachment.cognito_lambda_basic" file="/cognito.tf"/>
		<testcase name="[NONE][CKV2_AWS_56] Ensure AWS Managed IAMFullAccess IAM policy is not used." classname="/lambda.tf.aws_iam_role.lambda_exec" file="/lambda.tf"/>
		<testcase name="[NONE][CKV2_AWS_56] Ensure AWS Managed IAMFullAccess IAM policy is not used." classname="/lambda.tf.aws_iam_role_policy_attachment.lambda_basic" file="/lambda.tf"/>
		<testcase name="[NONE][CKV2_AWS_56] Ensure AWS Managed IAMFullAccess IAM policy is not used." classname="/lambda.tf.aws_iam_role_policy_attachment.lambda_vpc" file="/lambda.tf"/>
		<testcase name="[NONE][CKV2_AWS_54] Ensure AWS CloudFront distribution is using secure SSL protocols for HTTPS communication" classname="/cloudfront.tf.aws_cloudfront_distribution.main" file="/cloudfront.tf"/>
		<testcase name="[NONE][CKV2_AWS_46] Ensure AWS CloudFront Distribution with S3 have Origin Access set to enabled" classname="/cloudfront.tf.aws_cloudfront_distribution.main" file="/cloudfront.tf"/>
		<testcase name="[NONE][CKV_AWS_21] Ensure all data stored in the S3 bucket have versioning enabled" classname="/s3.tf.aws_s3_bucket.data_storage" file="/s3.tf"/>
		<testcase name="[NONE][CKV2_AWS_61] Ensure that an S3 bucket has a lifecycle configuration" classname="/s3.tf.aws_s3_bucket.data_storage" file="/s3.tf"/>
		<testcase name="[NONE][CKV2_AWS_77] Ensure AWS API Gateway Rest API attached WAFv2 WebACL is configured with AMR for Log4j Vulnerability" classname="/api_gateway.tf.aws_api_gateway_stage.main" file="/api_gateway.tf"/>
		<testcase name="[NONE][CKV2_AWS_75] Ensure no open CORS policy" classname="/cognito.tf.aws_lambda_function.cognito_mfa_verifier" file="/cognito.tf"/>
		<testcase name="[NONE][CKV2_AWS_75] Ensure no open CORS policy" classname="/lambda.tf.aws_lambda_function.api_handler" file="/lambda.tf"/>
		<testcase name="[NONE][CKV2_AWS_75] Ensure no open CORS policy" classname="/lambda.tf.aws_lambda_function.sqs_orden_recibida_processor" file="/lambda.tf"/>
		<testcase name="[NONE][CKV2_AWS_75] Ensure no open CORS policy" classname="/lambda.tf.aws_lambda_function.sqs_orden_validada_processor" file="/lambda.tf"/>
		<testcase name="[NONE][CKV2_AWS_75] Ensure no open CORS policy" classname="/lambda.tf.aws_lambda_function.sqs_orden_ejecutada_processor" file="/lambda.tf"/>
		<testcase name="[NONE][CKV2_AWS_75] Ensure no open CORS policy" classname="/lambda.tf.aws_lambda_function.orden_eliminada_handler" file="/lambda.tf"/>
		<testcase name="[NONE][CKV2_AWS_75] Ensure no open CORS policy" classname="/lambda.tf.aws_lambda_function.completar_finalizar" file="/lambda.tf"/>
		<testcase name="[NONE][CKV2_AWS_75] Ensure no open CORS policy" classname="/lambda.tf.aws_lambda_function.pdf_processing" file="/lambda.tf"/>
		<testcase name="[NONE][CKV2_AWS_75] Ensure no open CORS policy" classname="/ses.tf.aws_lambda_function.ses_notification_processor" file="/ses.tf"/>
		<testcase name="[NONE][CKV2_AWS_62] Ensure S3 buckets should have event notifications enabled" classname="/s3.tf.aws_s3_bucket.data_storage" file="/s3.tf"/>
		<testcase name="[NONE][CKV2_AWS_16] Ensure that Auto Scaling is enabled on your DynamoDB tables" classname="/dynamodb.tf.aws_dynamodb_table.usuarios" file="/dynamodb.tf"/>
		<testcase name="[NONE][CKV2_AWS_16] Ensure that Auto Scaling is enabled on your DynamoDB tables" classname="/dynamodb.tf.aws_dynamodb_table.informacion_original" file="/dynamodb.tf"/>
		<testcase name="[NONE][CKV2_AWS_16] Ensure that Auto Scaling is enabled on your DynamoDB tables" classname="/dynamodb.tf.aws_dynamodb_table.informacion_guardada" file="/dynamodb.tf"/>
		<testcase name="[NONE][CKV2_AWS_73] Ensure AWS SQS uses CMK not AWS default keys for encryption" classname="/sqs.tf.aws_sqs_queue.orden_recibida" file="/sqs.tf"/>
		<testcase name="[NONE][CKV2_AWS_73] Ensure AWS SQS uses CMK not AWS default keys for encryption" classname="/sqs.tf.aws_sqs_queue.orden_recibida_dlq" file="/sqs.tf"/>
		<testcase name="[NONE][CKV2_AWS_73] Ensure AWS SQS uses CMK not AWS default keys for encryption" classname="/sqs.tf.aws_sqs_queue.orden_validada" file="/sqs.tf"/>
		<testcase name="[NONE][CKV2_AWS_73] Ensure AWS SQS uses CMK not AWS default keys for encryption" classname="/sqs.tf.aws_sqs_queue.orden_validada_dlq" file="/sqs.tf"/>
		<testcase name="[NONE][CKV2_AWS_73] Ensure AWS SQS uses CMK not AWS default keys for encryption" classname="/sqs.tf.aws_sqs_queue.orden_ejecutada" file="/sqs.tf"/>
		<testcase name="[NONE][CKV2_AWS_73] Ensure AWS SQS uses CMK not AWS default keys for encryption" classname="/sqs.tf.aws_sqs_queue.orden_ejecutada_dlq" file="/sqs.tf"/>
		<testcase name="[NONE][CKV2_AWS_71] Ensure AWS ACM Certificate domain name does not include wildcards" classname="/api_gateway.tf.aws_acm_certificate.api" file="/api_gateway.tf"/>
		<testcase name="[NONE][CKV2_AWS_71] Ensure AWS ACM Certificate domain name does not include wildcards" classname="/cloudfront.tf.aws_acm_certificate.main" file="/cloudfront.tf"/>
		<testcase name="[NONE][CKV2_AWS_42] Ensure AWS CloudFront distribution uses custom SSL certificate" classname="/cloudfront.tf.aws_cloudfront_distribution.main" file="/cloudfront.tf"/>
		<testcase name="[NONE][CKV2_AWS_64] Ensure KMS key Policy is defined" classname="/kms.tf.aws_kms_key.cloudwatch_logs" file="/kms.tf"/>
		<testcase name="[NONE][CKV2_AWS_4] Ensure API Gateway stage have logging level defined as appropriate" classname="/api_gateway.tf.aws_api_gateway_stage.main" file="/api_gateway.tf"/>
		<testcase name="[NONE][CKV2_AWS_6] Ensure that S3 bucket has a Public Access block" classname="/cloudfront.tf.aws_s3_bucket.frontend" file="/cloudfront.tf"/>
		<testcase name="[NONE][CKV2_AWS_6] Ensure that S3 bucket has a Public Access block" classname="/s3.tf.aws_s3_bucket.data_storage" file="/s3.tf"/>
		<testcase name="[NONE][CKV_AWS_20] S3 Bucket has an ACL defined which allows public READ access." classname="/cloudfront.tf.aws_s3_bucket.frontend" file="/cloudfront.tf"/>
		<testcase name="[NONE][CKV_AWS_20] S3 Bucket has an ACL defined which allows public READ access." classname="/s3.tf.aws_s3_bucket.data_storage" file="/s3.tf"/>
		<testcase name="[NONE][CKV_AWS_19] Ensure all data stored in the S3 bucket is securely encrypted at rest" classname="/cloudfront.tf.aws_s3_bucket.frontend" file="/cloudfront.tf"/>
		<testcase name="[NONE][CKV_AWS_19] Ensure all data stored in the S3 bucket is securely encrypted at rest" classname="/s3.tf.aws_s3_bucket.data_storage" file="/s3.tf"/>
		<testcase name="[NONE][CKV_AWS_57] S3 Bucket has an ACL defined which allows public WRITE access." classname="/cloudfront.tf.aws_s3_bucket.frontend" file="/cloudfront.tf"/>
		<testcase name="[NONE][CKV_AWS_57] S3 Bucket has an ACL defined which allows public WRITE access." classname="/s3.tf.aws_s3_bucket.data_storage" file="/s3.tf"/>
		<testcase name="[NONE][CKV2_AWS_23] Route53 A Record has Attached Resource" classname="/route53.tf.aws_route53_record.cloudfront" file="/route53.tf"/>
		<testcase name="[NONE][CKV2_AWS_23] Route53 A Record has Attached Resource" classname="/route53.tf.aws_route53_record.api" file="/route53.tf"/>
		<testcase name="[NONE][CKV_AWS_237] Ensure Create before destroy for API Gateway" classname="/api_gateway.tf.aws_api_gateway_rest_api.main" file="/api_gateway.tf">
			<failure type="failure" message="Ensure Create before destroy for API Gateway">
Resource: aws_api_gateway_rest_api.main
File: /api_gateway.tf: 1-8
Guideline: https://docs.prismacloud.io/en/enterprise-edition/policy-reference/aws-policies/aws-general-policies/ensure-aws-api-gateway-enables-create-before-destroy

		1 | resource &quot;aws_api_gateway_rest_api&quot; &quot;main&quot; {
		2 |   name        = &quot;${var.project_name}-api-${var.environment}&quot;
		3 |   description = &quot;API Gateway para ${var.project_name}&quot;
		4 | 
		5 |   endpoint_configuration {
		6 |     types = [&quot;REGIONAL&quot;]
		7 |   }
		8 | }
</failure>
		</testcase>
		<testcase name="[NONE][CKV_AWS_338] Ensure CloudWatch log groups retains logs for at least 1 year" classname="/api_gateway.tf.aws_cloudwatch_log_group.api_gateway" file="/api_gateway.tf">
			<failure type="failure" message="Ensure CloudWatch log groups retains logs for at least 1 year">
Resource: aws_cloudwatch_log_group.api_gateway
File: /api_gateway.tf: 130-134
Guideline: https://docs.prismacloud.io/en/enterprise-edition/policy-reference/aws-policies/aws-logging-policies/bc-aws-338

		130 | resource &quot;aws_cloudwatch_log_group&quot; &quot;api_gateway&quot; {
		131 |   name              = &quot;/aws/apigateway/${var.project_name}-${var.environment}&quot;
		132 |   retention_in_days = 7
		133 |   kms_key_id        = aws_kms_key.cloudwatch_logs.arn
		134 | }
</failure>
		</testcase>
		<testcase name="[NONE][CKV_AWS_206] Ensure API Gateway Domain uses a modern security Policy" classname="/api_gateway.tf.aws_api_gateway_domain_name.api" file="/api_gateway.tf">
			<failure type="failure" message="Ensure API Gateway Domain uses a modern security Policy">
Resource: aws_api_gateway_domain_name.api
File: /api_gateway.tf: 136-143
Guideline: https://docs.prismacloud.io/en/enterprise-edition/policy-reference/aws-policies/aws-general-policies/ensure-aws-api-gateway-domain-uses-a-modern-security-policy

		136 | resource &quot;aws_api_gateway_domain_name&quot; &quot;api&quot; {
		137 |   domain_name              = &quot;${var.api_subdomain}.${var.domain_name}&quot;
		138 |   regional_certificate_arn = aws_acm_certificate.api.arn
		139 | 
		140 |   endpoint_configuration {
		141 |     types = [&quot;REGIONAL&quot;]
		142 |   }
		143 | }
</failure>
		</testcase>
		<testcase name="[NONE][CKV_AWS_374] Ensure AWS CloudFront web distribution has geo restriction enabled" classname="/cloudfront.tf.aws_cloudfront_distribution.main" file="/cloudfront.tf">
			<failure type="failure" message="Ensure AWS CloudFront web distribution has geo restriction enabled">
Resource: aws_cloudfront_distribution.main
File: /cloudfront.tf: 37-89
Guideline: https://docs.prismacloud.io/en/enterprise-edition/policy-reference/aws-policies/aws-networking-policies/bc-aws-374

		Code lines for this resource are too many. Please use IDE of your choice to review the file.</failure>
		</testcase>
		<testcase name="[NONE][CKV_AWS_68] CloudFront Distribution should have WAF enabled" classname="/cloudfront.tf.aws_cloudfront_distribution.main" file="/cloudfront.tf">
			<failure type="failure" message="CloudFront Distribution should have WAF enabled">
Resource: aws_cloudfront_distribution.main
File: /cloudfront.tf: 37-89
Guideline: https://docs.prismacloud.io/en/enterprise-edition/policy-reference/aws-policies/aws-general-policies/bc-aws-general-27

		Code lines for this resource are too many. Please use IDE of your choice to review the file.</failure>
		</testcase>
		<testcase name="[NONE][CKV_AWS_310] Ensure CloudFront distributions should have origin failover configured" classname="/cloudfront.tf.aws_cloudfront_distribution.main" file="/cloudfront.tf">
			<failure type="failure" message="Ensure CloudFront distributions should have origin failover configured">
Resource: aws_cloudfront_distribution.main
File: /cloudfront.tf: 37-89
Guideline: https://docs.prismacloud.io/en/enterprise-edition/policy-reference/aws-policies/aws-general-policies/bc-aws-310

		Code lines for this resource are too many. Please use IDE of your choice to review the file.</failure>
		</testcase>
		<testcase name="[NONE][CKV_AWS_86] Ensure CloudFront distribution has Access Logging enabled" classname="/cloudfront.tf.aws_cloudfront_distribution.main" file="/cloudfront.tf">
			<failure type="failure" message="Ensure CloudFront distribution has Access Logging enabled">
Resource: aws_cloudfront_distribution.main
File: /cloudfront.tf: 37-89
Guideline: https://docs.prismacloud.io/en/enterprise-edition/policy-reference/aws-policies/aws-logging-policies/logging-20

		Code lines for this resource are too many. Please use IDE of your choice to review the file.</failure>
		</testcase>
		<testcase name="[NONE][CKV_AWS_117] Ensure that AWS Lambda function is configured inside a VPC" classname="/cognito.tf.aws_lambda_function.cognito_mfa_verifier" file="/cognito.tf">
			<failure type="failure" message="Ensure that AWS Lambda function is configured inside a VPC">
Resource: aws_lambda_function.cognito_mfa_verifier
File: /cognito.tf: 112-125
Guideline: https://docs.prismacloud.io/en/enterprise-edition/policy-reference/aws-policies/aws-general-policies/ensure-that-aws-lambda-function-is-configured-inside-a-vpc-1

		112 | resource &quot;aws_lambda_function&quot; &quot;cognito_mfa_verifier&quot; {
		113 |   filename      = &quot;lambda_functions/cognito_mfa_verifier.zip&quot;
		114 |   function_name = &quot;${var.project_name}-cognito-mfa-verifier-${var.environment}&quot;
		115 |   role          = aws_iam_role.cognito_lambda.arn
		116 |   handler       = &quot;index.handler&quot;
		117 |   runtime       = &quot;nodejs18.x&quot;
		118 |   timeout       = 30
		119 | 
		120 |   environment {
		121 |     variables = {
		122 |       USER_POOL_ID = aws_cognito_user_pool.main.id
		123 |     }
		124 |   }
		125 | }
</failure>
		</testcase>
		<testcase name="[NONE][CKV_AWS_173] Check encryption settings for Lambda environmental variable" classname="/cognito.tf.aws_lambda_function.cognito_mfa_verifier" file="/cognito.tf">
			<failure type="failure" message="Check encryption settings for Lambda environmental variable">
Resource: aws_lambda_function.cognito_mfa_verifier
File: /cognito.tf: 112-125
Guideline: https://docs.prismacloud.io/en/enterprise-edition/policy-reference/aws-policies/aws-serverless-policies/bc-aws-serverless-5

		112 | resource &quot;aws_lambda_function&quot; &quot;cognito_mfa_verifier&quot; {
		113 |   filename      = &quot;lambda_functions/cognito_mfa_verifier.zip&quot;
		114 |   function_name = &quot;${var.project_name}-cognito-mfa-verifier-${var.environment}&quot;
		115 |   role          = aws_iam_role.cognito_lambda.arn
		116 |   handler       = &quot;index.handler&quot;
		117 |   runtime       = &quot;nodejs18.x&quot;
		118 |   timeout       = 30
		119 | 
		120 |   environment {
		121 |     variables = {
		122 |       USER_POOL_ID = aws_cognito_user_pool.main.id
		123 |     }
		124 |   }
		125 | }
</failure>
		</testcase>
		<testcase name="[NONE][CKV_AWS_50] X-Ray tracing is enabled for Lambda" classname="/cognito.tf.aws_lambda_function.cognito_mfa_verifier" file="/cognito.tf">
			<failure type="failure" message="X-Ray tracing is enabled for Lambda">
Resource: aws_lambda_function.cognito_mfa_verifier
File: /cognito.tf: 112-125
Guideline: https://docs.prismacloud.io/en/enterprise-edition/policy-reference/aws-policies/aws-serverless-policies/bc-aws-serverless-4

		112 | resource &quot;aws_lambda_function&quot; &quot;cognito_mfa_verifier&quot; {
		113 |   filename      = &quot;lambda_functions/cognito_mfa_verifier.zip&quot;
		114 |   function_name = &quot;${var.project_name}-cognito-mfa-verifier-${var.environment}&quot;
		115 |   role          = aws_iam_role.cognito_lambda.arn
		116 |   handler       = &quot;index.handler&quot;
		117 |   runtime       = &quot;nodejs18.x&quot;
		118 |   timeout       = 30
		119 | 
		120 |   environment {
		121 |     variables = {
		122 |       USER_POOL_ID = aws_cognito_user_pool.main.id
		123 |     }
		124 |   }
		125 | }
</failure>
		</testcase>
		<testcase name="[NONE][CKV_AWS_116] Ensure that AWS Lambda function is configured for a Dead Letter Queue(DLQ)" classname="/cognito.tf.aws_lambda_function.cognito_mfa_verifier" file="/cognito.tf">
			<failure type="failure" message="Ensure that AWS Lambda function is configured for a Dead Letter Queue(DLQ)">
Resource: aws_lambda_function.cognito_mfa_verifier
File: /cognito.tf: 112-125
Guideline: https://docs.prismacloud.io/en/enterprise-edition/policy-reference/aws-policies/aws-general-policies/ensure-that-aws-lambda-function-is-configured-for-a-dead-letter-queue-dlq

		112 | resource &quot;aws_lambda_function&quot; &quot;cognito_mfa_verifier&quot; {
		113 |   filename      = &quot;lambda_functions/cognito_mfa_verifier.zip&quot;
		114 |   function_name = &quot;${var.project_name}-cognito-mfa-verifier-${var.environment}&quot;
		115 |   role          = aws_iam_role.cognito_lambda.arn
		116 |   handler       = &quot;index.handler&quot;
		117 |   runtime       = &quot;nodejs18.x&quot;
		118 |   timeout       = 30
		119 | 
		120 |   environment {
		121 |     variables = {
		122 |       USER_POOL_ID = aws_cognito_user_pool.main.id
		123 |     }
		124 |   }
		125 | }
</failure>
		</testcase>
		<testcase name="[NONE][CKV_AWS_115] Ensure that AWS Lambda function is configured for function-level concurrent execution limit" classname="/cognito.tf.aws_lambda_function.cognito_mfa_verifier" file="/cognito.tf">
			<failure type="failure" message="Ensure that AWS Lambda function is configured for function-level concurrent execution limit">
Resource: aws_lambda_function.cognito_mfa_verifier
File: /cognito.tf: 112-125
Guideline: https://docs.prismacloud.io/en/enterprise-edition/policy-reference/aws-policies/aws-general-policies/ensure-that-aws-lambda-function-is-configured-for-function-level-concurrent-execution-limit

		112 | resource &quot;aws_lambda_function&quot; &quot;cognito_mfa_verifier&quot; {
		113 |   filename      = &quot;lambda_functions/cognito_mfa_verifier.zip&quot;
		114 |   function_name = &quot;${var.project_name}-cognito-mfa-verifier-${var.environment}&quot;
		115 |   role          = aws_iam_role.cognito_lambda.arn
		116 |   handler       = &quot;index.handler&quot;
		117 |   runtime       = &quot;nodejs18.x&quot;
		118 |   timeout       = 30
		119 | 
		120 |   environment {
		121 |     variables = {
		122 |       USER_POOL_ID = aws_cognito_user_pool.main.id
		123 |     }
		124 |   }
		125 | }
</failure>
		</testcase>
		<testcase name="[NONE][CKV_AWS_272] Ensure AWS Lambda function is configured to validate code-signing" classname="/cognito.tf.aws_lambda_function.cognito_mfa_verifier" file="/cognito.tf">
			<failure type="failure" message="Ensure AWS Lambda function is configured to validate code-signing">
Resource: aws_lambda_function.cognito_mfa_verifier
File: /cognito.tf: 112-125
Guideline: https://docs.prismacloud.io/en/enterprise-edition/policy-reference/aws-policies/aws-general-policies/bc-aws-272

		112 | resource &quot;aws_lambda_function&quot; &quot;cognito_mfa_verifier&quot; {
		113 |   filename      = &quot;lambda_functions/cognito_mfa_verifier.zip&quot;
		114 |   function_name = &quot;${var.project_name}-cognito-mfa-verifier-${var.environment}&quot;
		115 |   role          = aws_iam_role.cognito_lambda.arn
		116 |   handler       = &quot;index.handler&quot;
		117 |   runtime       = &quot;nodejs18.x&quot;
		118 |   timeout       = 30
		119 | 
		120 |   environment {
		121 |     variables = {
		122 |       USER_POOL_ID = aws_cognito_user_pool.main.id
		123 |     }
		124 |   }
		125 | }
</failure>
		</testcase>
		<testcase name="[NONE][CKV_AWS_119] Ensure DynamoDB Tables are encrypted using a KMS Customer Managed CMK" classname="/dynamodb.tf.aws_dynamodb_table.usuarios" file="/dynamodb.tf">
			<failure type="failure" message="Ensure DynamoDB Tables are encrypted using a KMS Customer Managed CMK">
Resource: aws_dynamodb_table.usuarios
File: /dynamodb.tf: 1-35
Guideline: https://docs.prismacloud.io/en/enterprise-edition/policy-reference/aws-policies/aws-general-policies/bc-aws-52

		1  | resource &quot;aws_dynamodb_table&quot; &quot;usuarios&quot; {
		2  |   name             = &quot;${var.project_name}-usuarios-${var.environment}&quot;
		3  |   billing_mode     = &quot;PAY_PER_REQUEST&quot;
		4  |   hash_key         = &quot;userId&quot;
		5  |   stream_enabled   = true
		6  |   stream_view_type = &quot;NEW_AND_OLD_IMAGES&quot;
		7  | 
		8  |   attribute {
		9  |     name = &quot;userId&quot;
		10 |     type = &quot;S&quot;
		11 |   }
		12 | 
		13 |   attribute {
		14 |     name = &quot;email&quot;
		15 |     type = &quot;S&quot;
		16 |   }
		17 | 
		18 |   global_secondary_index {
		19 |     name            = &quot;EmailIndex&quot;
		20 |     hash_key        = &quot;email&quot;
		21 |     projection_type = &quot;ALL&quot;
		22 |   }
		23 | 
		24 |   point_in_time_recovery {
		25 |     enabled = true
		26 |   }
		27 | 
		28 |   server_side_encryption {
		29 |     enabled = true
		30 |   }
		31 | 
		32 |   tags = {
		33 |     Name = &quot;${var.project_name}-usuarios&quot;
		34 |   }
		35 | }
</failure>
		</testcase>
		<testcase name="[NONE][CKV_AWS_119] Ensure DynamoDB Tables are encrypted using a KMS Customer Managed CMK" classname="/dynamodb.tf.aws_dynamodb_table.informacion_original" file="/dynamodb.tf">
			<failure type="failure" message="Ensure DynamoDB Tables are encrypted using a KMS Customer Managed CMK">
Resource: aws_dynamodb_table.informacion_original
File: /dynamodb.tf: 37-83
Guideline: https://docs.prismacloud.io/en/enterprise-edition/policy-reference/aws-policies/aws-general-policies/bc-aws-52

		37 | resource &quot;aws_dynamodb_table&quot; &quot;informacion_original&quot; {
		38 |   name             = &quot;${var.project_name}-informacion-original-${var.environment}&quot;
		39 |   billing_mode     = &quot;PAY_PER_REQUEST&quot;
		40 |   hash_key         = &quot;infoId&quot;
		41 |   range_key        = &quot;timestamp&quot;
		42 |   stream_enabled   = true
		43 |   stream_view_type = &quot;NEW_AND_OLD_IMAGES&quot;
		44 | 
		45 |   attribute {
		46 |     name = &quot;infoId&quot;
		47 |     type = &quot;S&quot;
		48 |   }
		49 | 
		50 |   attribute {
		51 |     name = &quot;timestamp&quot;
		52 |     type = &quot;N&quot;
		53 |   }
		54 | 
		55 |   attribute {
		56 |     name = &quot;categoria&quot;
		57 |     type = &quot;S&quot;
		58 |   }
		59 | 
		60 |   global_secondary_index {
		61 |     name            = &quot;CategoriaIndex&quot;
		62 |     hash_key        = &quot;categoria&quot;
		63 |     range_key       = &quot;timestamp&quot;
		64 |     projection_type = &quot;ALL&quot;
		65 |   }
		66 | 
		67 |   ttl {
		68 |     attribute_name = &quot;expirationTime&quot;
		69 |     enabled        = true
		70 |   }
		71 | 
		72 |   point_in_time_recovery {
		73 |     enabled = true
		74 |   }
		75 | 
		76 |   server_side_encryption {
		77 |     enabled = true
		78 |   }
		79 | 
		80 |   tags = {
		81 |     Name = &quot;${var.project_name}-informacion-original&quot;
		82 |   }
		83 | }
</failure>
		</testcase>
		<testcase name="[NONE][CKV_AWS_119] Ensure DynamoDB Tables are encrypted using a KMS Customer Managed CMK" classname="/dynamodb.tf.aws_dynamodb_table.informacion_guardada" file="/dynamodb.tf">
			<failure type="failure" message="Ensure DynamoDB Tables are encrypted using a KMS Customer Managed CMK">
Resource: aws_dynamodb_table.informacion_guardada
File: /dynamodb.tf: 85-126
Guideline: https://docs.prismacloud.io/en/enterprise-edition/policy-reference/aws-policies/aws-general-policies/bc-aws-52

		85  | resource &quot;aws_dynamodb_table&quot; &quot;informacion_guardada&quot; {
		86  |   name             = &quot;${var.project_name}-informacion-guardada-${var.environment}&quot;
		87  |   billing_mode     = &quot;PAY_PER_REQUEST&quot;
		88  |   hash_key         = &quot;savedId&quot;
		89  |   range_key        = &quot;userId&quot;
		90  |   stream_enabled   = true
		91  |   stream_view_type = &quot;NEW_AND_OLD_IMAGES&quot;
		92  | 
		93  |   attribute {
		94  |     name = &quot;savedId&quot;
		95  |     type = &quot;S&quot;
		96  |   }
		97  | 
		98  |   attribute {
		99  |     name = &quot;userId&quot;
		100 |     type = &quot;S&quot;
		101 |   }
		102 | 
		103 |   attribute {
		104 |     name = &quot;createdAt&quot;
		105 |     type = &quot;N&quot;
		106 |   }
		107 | 
		108 |   global_secondary_index {
		109 |     name            = &quot;UserIndex&quot;
		110 |     hash_key        = &quot;userId&quot;
		111 |     range_key       = &quot;createdAt&quot;
		112 |     projection_type = &quot;ALL&quot;
		113 |   }
		114 | 
		115 |   point_in_time_recovery {
		116 |     enabled = true
		117 |   }
		118 | 
		119 |   server_side_encryption {
		120 |     enabled = true
		121 |   }
		122 | 
		123 |   tags = {
		124 |     Name = &quot;${var.project_name}-informacion-guardada&quot;
		125 |   }
		126 | }
</failure>
		</testcase>
		<testcase name="[NONE][CKV_AWS_117] Ensure that AWS Lambda function is configured inside a VPC" classname="/lambda.tf.aws_lambda_function.api_handler" file="/lambda.tf">
			<failure type="failure" message="Ensure that AWS Lambda function is configured inside a VPC">
Resource: aws_lambda_function.api_handler
File: /lambda.tf: 107-130
Guideline: https://docs.prismacloud.io/en/enterprise-edition/policy-reference/aws-policies/aws-general-policies/ensure-that-aws-lambda-function-is-configured-inside-a-vpc-1

		107 | resource &quot;aws_lambda_function&quot; &quot;api_handler&quot; {
		108 |   filename      = &quot;lambda_functions/api_handler.zip&quot;
		109 |   function_name = &quot;${var.project_name}-api-handler-${var.environment}&quot;
		110 |   role          = aws_iam_role.lambda_exec.arn
		111 |   handler       = &quot;index.handler&quot;
		112 |   runtime       = &quot;nodejs18.x&quot;
		113 |   timeout       = 30
		114 |   memory_size   = 512
		115 | 
		116 |   layers = [aws_lambda_layer_version.common_dependencies.arn]
		117 | 
		118 |   environment {
		119 |     variables = {
		120 |       DYNAMODB_USUARIOS_TABLE = aws_dynamodb_table.usuarios.name
		121 |       DYNAMODB_INFO_TABLE     = aws_dynamodb_table.informacion_original.name
		122 |       EVENT_BUS_NAME          = aws_cloudwatch_event_bus.main.name
		123 |       ENVIRONMENT             = var.environment
		124 |     }
		125 |   }
		126 | 
		127 |   tracing_config {
		128 |     mode = &quot;Active&quot;
		129 |   }
		130 | }
</failure>
		</testcase>
		<testcase name="[NONE][CKV_AWS_173] Check encryption settings for Lambda environmental variable" classname="/lambda.tf.aws_lambda_function.api_handler" file="/lambda.tf">
			<failure type="failure" message="Check encryption settings for Lambda environmental variable">
Resource: aws_lambda_function.api_handler
File: /lambda.tf: 107-130
Guideline: https://docs.prismacloud.io/en/enterprise-edition/policy-reference/aws-policies/aws-serverless-policies/bc-aws-serverless-5

		107 | resource &quot;aws_lambda_function&quot; &quot;api_handler&quot; {
		108 |   filename      = &quot;lambda_functions/api_handler.zip&quot;
		109 |   function_name = &quot;${var.project_name}-api-handler-${var.environment}&quot;
		110 |   role          = aws_iam_role.lambda_exec.arn
		111 |   handler       = &quot;index.handler&quot;
		112 |   runtime       = &quot;nodejs18.x&quot;
		113 |   timeout       = 30
		114 |   memory_size   = 512
		115 | 
		116 |   layers = [aws_lambda_layer_version.common_dependencies.arn]
		117 | 
		118 |   environment {
		119 |     variables = {
		120 |       DYNAMODB_USUARIOS_TABLE = aws_dynamodb_table.usuarios.name
		121 |       DYNAMODB_INFO_TABLE     = aws_dynamodb_table.informacion_original.name
		122 |       EVENT_BUS_NAME          = aws_cloudwatch_event_bus.main.name
		123 |       ENVIRONMENT             = var.environment
		124 |     }
		125 |   }
		126 | 
		127 |   tracing_config {
		128 |     mode = &quot;Active&quot;
		129 |   }
		130 | }
</failure>
		</testcase>
		<testcase name="[NONE][CKV_AWS_116] Ensure that AWS Lambda function is configured for a Dead Letter Queue(DLQ)" classname="/lambda.tf.aws_lambda_function.api_handler" file="/lambda.tf">
			<failure type="failure" message="Ensure that AWS Lambda function is configured for a Dead Letter Queue(DLQ)">
Resource: aws_lambda_function.api_handler
File: /lambda.tf: 107-130
Guideline: https://docs.prismacloud.io/en/enterprise-edition/policy-reference/aws-policies/aws-general-policies/ensure-that-aws-lambda-function-is-configured-for-a-dead-letter-queue-dlq

		107 | resource &quot;aws_lambda_function&quot; &quot;api_handler&quot; {
		108 |   filename      = &quot;lambda_functions/api_handler.zip&quot;
		109 |   function_name = &quot;${var.project_name}-api-handler-${var.environment}&quot;
		110 |   role          = aws_iam_role.lambda_exec.arn
		111 |   handler       = &quot;index.handler&quot;
		112 |   runtime       = &quot;nodejs18.x&quot;
		113 |   timeout       = 30
		114 |   memory_size   = 512
		115 | 
		116 |   layers = [aws_lambda_layer_version.common_dependencies.arn]
		117 | 
		118 |   environment {
		119 |     variables = {
		120 |       DYNAMODB_USUARIOS_TABLE = aws_dynamodb_table.usuarios.name
		121 |       DYNAMODB_INFO_TABLE     = aws_dynamodb_table.informacion_original.name
		122 |       EVENT_BUS_NAME          = aws_cloudwatch_event_bus.main.name
		123 |       ENVIRONMENT             = var.environment
		124 |     }
		125 |   }
		126 | 
		127 |   tracing_config {
		128 |     mode = &quot;Active&quot;
		129 |   }
		130 | }
</failure>
		</testcase>
		<testcase name="[NONE][CKV_AWS_115] Ensure that AWS Lambda function is configured for function-level concurrent execution limit" classname="/lambda.tf.aws_lambda_function.api_handler" file="/lambda.tf">
			<failure type="failure" message="Ensure that AWS Lambda function is configured for function-level concurrent execution limit">
Resource: aws_lambda_function.api_handler
File: /lambda.tf: 107-130
Guideline: https://docs.prismacloud.io/en/enterprise-edition/policy-reference/aws-policies/aws-general-policies/ensure-that-aws-lambda-function-is-configured-for-function-level-concurrent-execution-limit

		107 | resource &quot;aws_lambda_function&quot; &quot;api_handler&quot; {
		108 |   filename      = &quot;lambda_functions/api_handler.zip&quot;
		109 |   function_name = &quot;${var.project_name}-api-handler-${var.environment}&quot;
		110 |   role          = aws_iam_role.lambda_exec.arn
		111 |   handler       = &quot;index.handler&quot;
		112 |   runtime       = &quot;nodejs18.x&quot;
		113 |   timeout       = 30
		114 |   memory_size   = 512
		115 | 
		116 |   layers = [aws_lambda_layer_version.common_dependencies.arn]
		117 | 
		118 |   environment {
		119 |     variables = {
		120 |       DYNAMODB_USUARIOS_TABLE = aws_dynamodb_table.usuarios.name
		121 |       DYNAMODB_INFO_TABLE     = aws_dynamodb_table.informacion_original.name
		122 |       EVENT_BUS_NAME          = aws_cloudwatch_event_bus.main.name
		123 |       ENVIRONMENT             = var.environment
		124 |     }
		125 |   }
		126 | 
		127 |   tracing_config {
		128 |     mode = &quot;Active&quot;
		129 |   }
		130 | }
</failure>
		</testcase>
		<testcase name="[NONE][CKV_AWS_272] Ensure AWS Lambda function is configured to validate code-signing" classname="/lambda.tf.aws_lambda_function.api_handler" file="/lambda.tf">
			<failure type="failure" message="Ensure AWS Lambda function is configured to validate code-signing">
Resource: aws_lambda_function.api_handler
File: /lambda.tf: 107-130
Guideline: https://docs.prismacloud.io/en/enterprise-edition/policy-reference/aws-policies/aws-general-policies/bc-aws-272

		107 | resource &quot;aws_lambda_function&quot; &quot;api_handler&quot; {
		108 |   filename      = &quot;lambda_functions/api_handler.zip&quot;
		109 |   function_name = &quot;${var.project_name}-api-handler-${var.environment}&quot;
		110 |   role          = aws_iam_role.lambda_exec.arn
		111 |   handler       = &quot;index.handler&quot;
		112 |   runtime       = &quot;nodejs18.x&quot;
		113 |   timeout       = 30
		114 |   memory_size   = 512
		115 | 
		116 |   layers = [aws_lambda_layer_version.common_dependencies.arn]
		117 | 
		118 |   environment {
		119 |     variables = {
		120 |       DYNAMODB_USUARIOS_TABLE = aws_dynamodb_table.usuarios.name
		121 |       DYNAMODB_INFO_TABLE     = aws_dynamodb_table.informacion_original.name
		122 |       EVENT_BUS_NAME          = aws_cloudwatch_event_bus.main.name
		123 |       ENVIRONMENT             = var.environment
		124 |     }
		125 |   }
		126 | 
		127 |   tracing_config {
		128 |     mode = &quot;Active&quot;
		129 |   }
		130 | }
</failure>
		</testcase>
		<testcase name="[NONE][CKV_AWS_117] Ensure that AWS Lambda function is configured inside a VPC" classname="/lambda.tf.aws_lambda_function.sqs_orden_recibida_processor" file="/lambda.tf">
			<failure type="failure" message="Ensure that AWS Lambda function is configured inside a VPC">
Resource: aws_lambda_function.sqs_orden_recibida_processor
File: /lambda.tf: 140-155
Guideline: https://docs.prismacloud.io/en/enterprise-edition/policy-reference/aws-policies/aws-general-policies/ensure-that-aws-lambda-function-is-configured-inside-a-vpc-1

		140 | resource &quot;aws_lambda_function&quot; &quot;sqs_orden_recibida_processor&quot; {
		141 |   filename      = &quot;lambda_functions/orden_recibida_processor.zip&quot;
		142 |   function_name = &quot;${var.project_name}-orden-recibida-processor-${var.environment}&quot;
		143 |   role          = aws_iam_role.lambda_exec.arn
		144 |   handler       = &quot;index.handler&quot;
		145 |   runtime       = &quot;python3.11&quot;
		146 |   timeout       = 60
		147 |   memory_size   = 512
		148 | 
		149 |   environment {
		150 |     variables = {
		151 |       DYNAMODB_TABLE = aws_dynamodb_table.informacion_original.name
		152 |       EVENT_BUS_NAME = aws_cloudwatch_event_bus.main.name
		153 |     }
		154 |   }
		155 | }
</failure>
		</testcase>
		<testcase name="[NONE][CKV_AWS_173] Check encryption settings for Lambda environmental variable" classname="/lambda.tf.aws_lambda_function.sqs_orden_recibida_processor" file="/lambda.tf">
			<failure type="failure" message="Check encryption settings for Lambda environmental variable">
Resource: aws_lambda_function.sqs_orden_recibida_processor
File: /lambda.tf: 140-155
Guideline: https://docs.prismacloud.io/en/enterprise-edition/policy-reference/aws-policies/aws-serverless-policies/bc-aws-serverless-5

		140 | resource &quot;aws_lambda_function&quot; &quot;sqs_orden_recibida_processor&quot; {
		141 |   filename      = &quot;lambda_functions/orden_recibida_processor.zip&quot;
		142 |   function_name = &quot;${var.project_name}-orden-recibida-processor-${var.environment}&quot;
		143 |   role          = aws_iam_role.lambda_exec.arn
		144 |   handler       = &quot;index.handler&quot;
		145 |   runtime       = &quot;python3.11&quot;
		146 |   timeout       = 60
		147 |   memory_size   = 512
		148 | 
		149 |   environment {
		150 |     variables = {
		151 |       DYNAMODB_TABLE = aws_dynamodb_table.informacion_original.name
		152 |       EVENT_BUS_NAME = aws_cloudwatch_event_bus.main.name
		153 |     }
		154 |   }
		155 | }
</failure>
		</testcase>
		<testcase name="[NONE][CKV_AWS_50] X-Ray tracing is enabled for Lambda" classname="/lambda.tf.aws_lambda_function.sqs_orden_recibida_processor" file="/lambda.tf">
			<failure type="failure" message="X-Ray tracing is enabled for Lambda">
Resource: aws_lambda_function.sqs_orden_recibida_processor
File: /lambda.tf: 140-155
Guideline: https://docs.prismacloud.io/en/enterprise-edition/policy-reference/aws-policies/aws-serverless-policies/bc-aws-serverless-4

		140 | resource &quot;aws_lambda_function&quot; &quot;sqs_orden_recibida_processor&quot; {
		141 |   filename      = &quot;lambda_functions/orden_recibida_processor.zip&quot;
		142 |   function_name = &quot;${var.project_name}-orden-recibida-processor-${var.environment}&quot;
		143 |   role          = aws_iam_role.lambda_exec.arn
		144 |   handler       = &quot;index.handler&quot;
		145 |   runtime       = &quot;python3.11&quot;
		146 |   timeout       = 60
		147 |   memory_size   = 512
		148 | 
		149 |   environment {
		150 |     variables = {
		151 |       DYNAMODB_TABLE = aws_dynamodb_table.informacion_original.name
		152 |       EVENT_BUS_NAME = aws_cloudwatch_event_bus.main.name
		153 |     }
		154 |   }
		155 | }
</failure>
		</testcase>
		<testcase name="[NONE][CKV_AWS_116] Ensure that AWS Lambda function is configured for a Dead Letter Queue(DLQ)" classname="/lambda.tf.aws_lambda_function.sqs_orden_recibida_processor" file="/lambda.tf">
			<failure type="failure" message="Ensure that AWS Lambda function is configured for a Dead Letter Queue(DLQ)">
Resource: aws_lambda_function.sqs_orden_recibida_processor
File: /lambda.tf: 140-155
Guideline: https://docs.prismacloud.io/en/enterprise-edition/policy-reference/aws-policies/aws-general-policies/ensure-that-aws-lambda-function-is-configured-for-a-dead-letter-queue-dlq

		140 | resource &quot;aws_lambda_function&quot; &quot;sqs_orden_recibida_processor&quot; {
		141 |   filename      = &quot;lambda_functions/orden_recibida_processor.zip&quot;
		142 |   function_name = &quot;${var.project_name}-orden-recibida-processor-${var.environment}&quot;
		143 |   role          = aws_iam_role.lambda_exec.arn
		144 |   handler       = &quot;index.handler&quot;
		145 |   runtime       = &quot;python3.11&quot;
		146 |   timeout       = 60
		147 |   memory_size   = 512
		148 | 
		149 |   environment {
		150 |     variables = {
		151 |       DYNAMODB_TABLE = aws_dynamodb_table.informacion_original.name
		152 |       EVENT_BUS_NAME = aws_cloudwatch_event_bus.main.name
		153 |     }
		154 |   }
		155 | }
</failure>
		</testcase>
		<testcase name="[NONE][CKV_AWS_115] Ensure that AWS Lambda function is configured for function-level concurrent execution limit" classname="/lambda.tf.aws_lambda_function.sqs_orden_recibida_processor" file="/lambda.tf">
			<failure type="failure" message="Ensure that AWS Lambda function is configured for function-level concurrent execution limit">
Resource: aws_lambda_function.sqs_orden_recibida_processor
File: /lambda.tf: 140-155
Guideline: https://docs.prismacloud.io/en/enterprise-edition/policy-reference/aws-policies/aws-general-policies/ensure-that-aws-lambda-function-is-configured-for-function-level-concurrent-execution-limit

		140 | resource &quot;aws_lambda_function&quot; &quot;sqs_orden_recibida_processor&quot; {
		141 |   filename      = &quot;lambda_functions/orden_recibida_processor.zip&quot;
		142 |   function_name = &quot;${var.project_name}-orden-recibida-processor-${var.environment}&quot;
		143 |   role          = aws_iam_role.lambda_exec.arn
		144 |   handler       = &quot;index.handler&quot;
		145 |   runtime       = &quot;python3.11&quot;
		146 |   timeout       = 60
		147 |   memory_size   = 512
		148 | 
		149 |   environment {
		150 |     variables = {
		151 |       DYNAMODB_TABLE = aws_dynamodb_table.informacion_original.name
		152 |       EVENT_BUS_NAME = aws_cloudwatch_event_bus.main.name
		153 |     }
		154 |   }
		155 | }
</failure>
		</testcase>
		<testcase name="[NONE][CKV_AWS_272] Ensure AWS Lambda function is configured to validate code-signing" classname="/lambda.tf.aws_lambda_function.sqs_orden_recibida_processor" file="/lambda.tf">
			<failure type="failure" message="Ensure AWS Lambda function is configured to validate code-signing">
Resource: aws_lambda_function.sqs_orden_recibida_processor
File: /lambda.tf: 140-155
Guideline: https://docs.prismacloud.io/en/enterprise-edition/policy-reference/aws-policies/aws-general-policies/bc-aws-272

		140 | resource &quot;aws_lambda_function&quot; &quot;sqs_orden_recibida_processor&quot; {
		141 |   filename      = &quot;lambda_functions/orden_recibida_processor.zip&quot;
		142 |   function_name = &quot;${var.project_name}-orden-recibida-processor-${var.environment}&quot;
		143 |   role          = aws_iam_role.lambda_exec.arn
		144 |   handler       = &quot;index.handler&quot;
		145 |   runtime       = &quot;python3.11&quot;
		146 |   timeout       = 60
		147 |   memory_size   = 512
		148 | 
		149 |   environment {
		150 |     variables = {
		151 |       DYNAMODB_TABLE = aws_dynamodb_table.informacion_original.name
		152 |       EVENT_BUS_NAME = aws_cloudwatch_event_bus.main.name
		153 |     }
		154 |   }
		155 | }
</failure>
		</testcase>
		<testcase name="[NONE][CKV_AWS_117] Ensure that AWS Lambda function is configured inside a VPC" classname="/lambda.tf.aws_lambda_function.sqs_orden_validada_processor" file="/lambda.tf">
			<failure type="failure" message="Ensure that AWS Lambda function is configured inside a VPC">
Resource: aws_lambda_function.sqs_orden_validada_processor
File: /lambda.tf: 164-179
Guideline: https://docs.prismacloud.io/en/enterprise-edition/policy-reference/aws-policies/aws-general-policies/ensure-that-aws-lambda-function-is-configured-inside-a-vpc-1

		164 | resource &quot;aws_lambda_function&quot; &quot;sqs_orden_validada_processor&quot; {
		165 |   filename      = &quot;lambda_functions/orden_validada_processor.zip&quot;
		166 |   function_name = &quot;${var.project_name}-orden-validada-processor-${var.environment}&quot;
		167 |   role          = aws_iam_role.lambda_exec.arn
		168 |   handler       = &quot;index.handler&quot;
		169 |   runtime       = &quot;python3.11&quot;
		170 |   timeout       = 60
		171 |   memory_size   = 512
		172 | 
		173 |   environment {
		174 |     variables = {
		175 |       DYNAMODB_TABLE = aws_dynamodb_table.informacion_guardada.name
		176 |       S3_BUCKET      = aws_s3_bucket.data_storage.bucket
		177 |     }
		178 |   }
		179 | }
</failure>
		</testcase>
		<testcase name="[NONE][CKV_AWS_173] Check encryption settings for Lambda environmental variable" classname="/lambda.tf.aws_lambda_function.sqs_orden_validada_processor" file="/lambda.tf">
			<failure type="failure" message="Check encryption settings for Lambda environmental variable">
Resource: aws_lambda_function.sqs_orden_validada_processor
File: /lambda.tf: 164-179
Guideline: https://docs.prismacloud.io/en/enterprise-edition/policy-reference/aws-policies/aws-serverless-policies/bc-aws-serverless-5

		164 | resource &quot;aws_lambda_function&quot; &quot;sqs_orden_validada_processor&quot; {
		165 |   filename      = &quot;lambda_functions/orden_validada_processor.zip&quot;
		166 |   function_name = &quot;${var.project_name}-orden-validada-processor-${var.environment}&quot;
		167 |   role          = aws_iam_role.lambda_exec.arn
		168 |   handler       = &quot;index.handler&quot;
		169 |   runtime       = &quot;python3.11&quot;
		170 |   timeout       = 60
		171 |   memory_size   = 512
		172 | 
		173 |   environment {
		174 |     variables = {
		175 |       DYNAMODB_TABLE = aws_dynamodb_table.informacion_guardada.name
		176 |       S3_BUCKET      = aws_s3_bucket.data_storage.bucket
		177 |     }
		178 |   }
		179 | }
</failure>
		</testcase>
		<testcase name="[NONE][CKV_AWS_50] X-Ray tracing is enabled for Lambda" classname="/lambda.tf.aws_lambda_function.sqs_orden_validada_processor" file="/lambda.tf">
			<failure type="failure" message="X-Ray tracing is enabled for Lambda">
Resource: aws_lambda_function.sqs_orden_validada_processor
File: /lambda.tf: 164-179
Guideline: https://docs.prismacloud.io/en/enterprise-edition/policy-reference/aws-policies/aws-serverless-policies/bc-aws-serverless-4

		164 | resource &quot;aws_lambda_function&quot; &quot;sqs_orden_validada_processor&quot; {
		165 |   filename      = &quot;lambda_functions/orden_validada_processor.zip&quot;
		166 |   function_name = &quot;${var.project_name}-orden-validada-processor-${var.environment}&quot;
		167 |   role          = aws_iam_role.lambda_exec.arn
		168 |   handler       = &quot;index.handler&quot;
		169 |   runtime       = &quot;python3.11&quot;
		170 |   timeout       = 60
		171 |   memory_size   = 512
		172 | 
		173 |   environment {
		174 |     variables = {
		175 |       DYNAMODB_TABLE = aws_dynamodb_table.informacion_guardada.name
		176 |       S3_BUCKET      = aws_s3_bucket.data_storage.bucket
		177 |     }
		178 |   }
		179 | }
</failure>
		</testcase>
		<testcase name="[NONE][CKV_AWS_116] Ensure that AWS Lambda function is configured for a Dead Letter Queue(DLQ)" classname="/lambda.tf.aws_lambda_function.sqs_orden_validada_processor" file="/lambda.tf">
			<failure type="failure" message="Ensure that AWS Lambda function is configured for a Dead Letter Queue(DLQ)">
Resource: aws_lambda_function.sqs_orden_validada_processor
File: /lambda.tf: 164-179
Guideline: https://docs.prismacloud.io/en/enterprise-edition/policy-reference/aws-policies/aws-general-policies/ensure-that-aws-lambda-function-is-configured-for-a-dead-letter-queue-dlq

		164 | resource &quot;aws_lambda_function&quot; &quot;sqs_orden_validada_processor&quot; {
		165 |   filename      = &quot;lambda_functions/orden_validada_processor.zip&quot;
		166 |   function_name = &quot;${var.project_name}-orden-validada-processor-${var.environment}&quot;
		167 |   role          = aws_iam_role.lambda_exec.arn
		168 |   handler       = &quot;index.handler&quot;
		169 |   runtime       = &quot;python3.11&quot;
		170 |   timeout       = 60
		171 |   memory_size   = 512
		172 | 
		173 |   environment {
		174 |     variables = {
		175 |       DYNAMODB_TABLE = aws_dynamodb_table.informacion_guardada.name
		176 |       S3_BUCKET      = aws_s3_bucket.data_storage.bucket
		177 |     }
		178 |   }
		179 | }
</failure>
		</testcase>
		<testcase name="[NONE][CKV_AWS_115] Ensure that AWS Lambda function is configured for function-level concurrent execution limit" classname="/lambda.tf.aws_lambda_function.sqs_orden_validada_processor" file="/lambda.tf">
			<failure type="failure" message="Ensure that AWS Lambda function is configured for function-level concurrent execution limit">
Resource: aws_lambda_function.sqs_orden_validada_processor
File: /lambda.tf: 164-179
Guideline: https://docs.prismacloud.io/en/enterprise-edition/policy-reference/aws-policies/aws-general-policies/ensure-that-aws-lambda-function-is-configured-for-function-level-concurrent-execution-limit

		164 | resource &quot;aws_lambda_function&quot; &quot;sqs_orden_validada_processor&quot; {
		165 |   filename      = &quot;lambda_functions/orden_validada_processor.zip&quot;
		166 |   function_name = &quot;${var.project_name}-orden-validada-processor-${var.environment}&quot;
		167 |   role          = aws_iam_role.lambda_exec.arn
		168 |   handler       = &quot;index.handler&quot;
		169 |   runtime       = &quot;python3.11&quot;
		170 |   timeout       = 60
		171 |   memory_size   = 512
		172 | 
		173 |   environment {
		174 |     variables = {
		175 |       DYNAMODB_TABLE = aws_dynamodb_table.informacion_guardada.name
		176 |       S3_BUCKET      = aws_s3_bucket.data_storage.bucket
		177 |     }
		178 |   }
		179 | }
</failure>
		</testcase>
		<testcase name="[NONE][CKV_AWS_272] Ensure AWS Lambda function is configured to validate code-signing" classname="/lambda.tf.aws_lambda_function.sqs_orden_validada_processor" file="/lambda.tf">
			<failure type="failure" message="Ensure AWS Lambda function is configured to validate code-signing">
Resource: aws_lambda_function.sqs_orden_validada_processor
File: /lambda.tf: 164-179
Guideline: https://docs.prismacloud.io/en/enterprise-edition/policy-reference/aws-policies/aws-general-policies/bc-aws-272

		164 | resource &quot;aws_lambda_function&quot; &quot;sqs_orden_validada_processor&quot; {
		165 |   filename      = &quot;lambda_functions/orden_validada_processor.zip&quot;
		166 |   function_name = &quot;${var.project_name}-orden-validada-processor-${var.environment}&quot;
		167 |   role          = aws_iam_role.lambda_exec.arn
		168 |   handler       = &quot;index.handler&quot;
		169 |   runtime       = &quot;python3.11&quot;
		170 |   timeout       = 60
		171 |   memory_size   = 512
		172 | 
		173 |   environment {
		174 |     variables = {
		175 |       DYNAMODB_TABLE = aws_dynamodb_table.informacion_guardada.name
		176 |       S3_BUCKET      = aws_s3_bucket.data_storage.bucket
		177 |     }
		178 |   }
		179 | }
</failure>
		</testcase>
		<testcase name="[NONE][CKV_AWS_117] Ensure that AWS Lambda function is configured inside a VPC" classname="/lambda.tf.aws_lambda_function.sqs_orden_ejecutada_processor" file="/lambda.tf">
			<failure type="failure" message="Ensure that AWS Lambda function is configured inside a VPC">
Resource: aws_lambda_function.sqs_orden_ejecutada_processor
File: /lambda.tf: 188-203
Guideline: https://docs.prismacloud.io/en/enterprise-edition/policy-reference/aws-policies/aws-general-policies/ensure-that-aws-lambda-function-is-configured-inside-a-vpc-1

		188 | resource &quot;aws_lambda_function&quot; &quot;sqs_orden_ejecutada_processor&quot; {
		189 |   filename      = &quot;lambda_functions/orden_ejecutada_processor.zip&quot;
		190 |   function_name = &quot;${var.project_name}-orden-ejecutada-processor-${var.environment}&quot;
		191 |   role          = aws_iam_role.lambda_exec.arn
		192 |   handler       = &quot;index.handler&quot;
		193 |   runtime       = &quot;python3.11&quot;
		194 |   timeout       = 60
		195 |   memory_size   = 512
		196 | 
		197 |   environment {
		198 |     variables = {
		199 |       DYNAMODB_TABLE = aws_dynamodb_table.informacion_guardada.name
		200 |       S3_BUCKET      = aws_s3_bucket.data_storage.bucket
		201 |     }
		202 |   }
		203 | }
</failure>
		</testcase>
		<testcase name="[NONE][CKV_AWS_173] Check encryption settings for Lambda environmental variable" classname="/lambda.tf.aws_lambda_function.sqs_orden_ejecutada_processor" file="/lambda.tf">
			<failure type="failure" message="Check encryption settings for Lambda environmental variable">
Resource: aws_lambda_function.sqs_orden_ejecutada_processor
File: /lambda.tf: 188-203
Guideline: https://docs.prismacloud.io/en/enterprise-edition/policy-reference/aws-policies/aws-serverless-policies/bc-aws-serverless-5

		188 | resource &quot;aws_lambda_function&quot; &quot;sqs_orden_ejecutada_processor&quot; {
		189 |   filename      = &quot;lambda_functions/orden_ejecutada_processor.zip&quot;
		190 |   function_name = &quot;${var.project_name}-orden-ejecutada-processor-${var.environment}&quot;
		191 |   role          = aws_iam_role.lambda_exec.arn
		192 |   handler       = &quot;index.handler&quot;
		193 |   runtime       = &quot;python3.11&quot;
		194 |   timeout       = 60
		195 |   memory_size   = 512
		196 | 
		197 |   environment {
		198 |     variables = {
		199 |       DYNAMODB_TABLE = aws_dynamodb_table.informacion_guardada.name
		200 |       S3_BUCKET      = aws_s3_bucket.data_storage.bucket
		201 |     }
		202 |   }
		203 | }
</failure>
		</testcase>
		<testcase name="[NONE][CKV_AWS_50] X-Ray tracing is enabled for Lambda" classname="/lambda.tf.aws_lambda_function.sqs_orden_ejecutada_processor" file="/lambda.tf">
			<failure type="failure" message="X-Ray tracing is enabled for Lambda">
Resource: aws_lambda_function.sqs_orden_ejecutada_processor
File: /lambda.tf: 188-203
Guideline: https://docs.prismacloud.io/en/enterprise-edition/policy-reference/aws-policies/aws-serverless-policies/bc-aws-serverless-4

		188 | resource &quot;aws_lambda_function&quot; &quot;sqs_orden_ejecutada_processor&quot; {
		189 |   filename      = &quot;lambda_functions/orden_ejecutada_processor.zip&quot;
		190 |   function_name = &quot;${var.project_name}-orden-ejecutada-processor-${var.environment}&quot;
		191 |   role          = aws_iam_role.lambda_exec.arn
		192 |   handler       = &quot;index.handler&quot;
		193 |   runtime       = &quot;python3.11&quot;
		194 |   timeout       = 60
		195 |   memory_size   = 512
		196 | 
		197 |   environment {
		198 |     variables = {
		199 |       DYNAMODB_TABLE = aws_dynamodb_table.informacion_guardada.name
		200 |       S3_BUCKET      = aws_s3_bucket.data_storage.bucket
		201 |     }
		202 |   }
		203 | }
</failure>
		</testcase>
		<testcase name="[NONE][CKV_AWS_116] Ensure that AWS Lambda function is configured for a Dead Letter Queue(DLQ)" classname="/lambda.tf.aws_lambda_function.sqs_orden_ejecutada_processor" file="/lambda.tf">
			<failure type="failure" message="Ensure that AWS Lambda function is configured for a Dead Letter Queue(DLQ)">
Resource: aws_lambda_function.sqs_orden_ejecutada_processor
File: /lambda.tf: 188-203
Guideline: https://docs.prismacloud.io/en/enterprise-edition/policy-reference/aws-policies/aws-general-policies/ensure-that-aws-lambda-function-is-configured-for-a-dead-letter-queue-dlq

		188 | resource &quot;aws_lambda_function&quot; &quot;sqs_orden_ejecutada_processor&quot; {
		189 |   filename      = &quot;lambda_functions/orden_ejecutada_processor.zip&quot;
		190 |   function_name = &quot;${var.project_name}-orden-ejecutada-processor-${var.environment}&quot;
		191 |   role          = aws_iam_role.lambda_exec.arn
		192 |   handler       = &quot;index.handler&quot;
		193 |   runtime       = &quot;python3.11&quot;
		194 |   timeout       = 60
		195 |   memory_size   = 512
		196 | 
		197 |   environment {
		198 |     variables = {
		199 |       DYNAMODB_TABLE = aws_dynamodb_table.informacion_guardada.name
		200 |       S3_BUCKET      = aws_s3_bucket.data_storage.bucket
		201 |     }
		202 |   }
		203 | }
</failure>
		</testcase>
		<testcase name="[NONE][CKV_AWS_115] Ensure that AWS Lambda function is configured for function-level concurrent execution limit" classname="/lambda.tf.aws_lambda_function.sqs_orden_ejecutada_processor" file="/lambda.tf">
			<failure type="failure" message="Ensure that AWS Lambda function is configured for function-level concurrent execution limit">
Resource: aws_lambda_function.sqs_orden_ejecutada_processor
File: /lambda.tf: 188-203
Guideline: https://docs.prismacloud.io/en/enterprise-edition/policy-reference/aws-policies/aws-general-policies/ensure-that-aws-lambda-function-is-configured-for-function-level-concurrent-execution-limit

		188 | resource &quot;aws_lambda_function&quot; &quot;sqs_orden_ejecutada_processor&quot; {
		189 |   filename      = &quot;lambda_functions/orden_ejecutada_processor.zip&quot;
		190 |   function_name = &quot;${var.project_name}-orden-ejecutada-processor-${var.environment}&quot;
		191 |   role          = aws_iam_role.lambda_exec.arn
		192 |   handler       = &quot;index.handler&quot;
		193 |   runtime       = &quot;python3.11&quot;
		194 |   timeout       = 60
		195 |   memory_size   = 512
		196 | 
		197 |   environment {
		198 |     variables = {
		199 |       DYNAMODB_TABLE = aws_dynamodb_table.informacion_guardada.name
		200 |       S3_BUCKET      = aws_s3_bucket.data_storage.bucket
		201 |     }
		202 |   }
		203 | }
</failure>
		</testcase>
		<testcase name="[NONE][CKV_AWS_272] Ensure AWS Lambda function is configured to validate code-signing" classname="/lambda.tf.aws_lambda_function.sqs_orden_ejecutada_processor" file="/lambda.tf">
			<failure type="failure" message="Ensure AWS Lambda function is configured to validate code-signing">
Resource: aws_lambda_function.sqs_orden_ejecutada_processor
File: /lambda.tf: 188-203
Guideline: https://docs.prismacloud.io/en/enterprise-edition/policy-reference/aws-policies/aws-general-policies/bc-aws-272

		188 | resource &quot;aws_lambda_function&quot; &quot;sqs_orden_ejecutada_processor&quot; {
		189 |   filename      = &quot;lambda_functions/orden_ejecutada_processor.zip&quot;
		190 |   function_name = &quot;${var.project_name}-orden-ejecutada-processor-${var.environment}&quot;
		191 |   role          = aws_iam_role.lambda_exec.arn
		192 |   handler       = &quot;index.handler&quot;
		193 |   runtime       = &quot;python3.11&quot;
		194 |   timeout       = 60
		195 |   memory_size   = 512
		196 | 
		197 |   environment {
		198 |     variables = {
		199 |       DYNAMODB_TABLE = aws_dynamodb_table.informacion_guardada.name
		200 |       S3_BUCKET      = aws_s3_bucket.data_storage.bucket
		201 |     }
		202 |   }
		203 | }
</failure>
		</testcase>
		<testcase name="[NONE][CKV_AWS_117] Ensure that AWS Lambda function is configured inside a VPC" classname="/lambda.tf.aws_lambda_function.orden_eliminada_handler" file="/lambda.tf">
			<failure type="failure" message="Ensure that AWS Lambda function is configured inside a VPC">
Resource: aws_lambda_function.orden_eliminada_handler
File: /lambda.tf: 212-226
Guideline: https://docs.prismacloud.io/en/enterprise-edition/policy-reference/aws-policies/aws-general-policies/ensure-that-aws-lambda-function-is-configured-inside-a-vpc-1

		212 | resource &quot;aws_lambda_function&quot; &quot;orden_eliminada_handler&quot; {
		213 |   filename      = &quot;lambda_functions/orden_eliminada_handler.zip&quot;
		214 |   function_name = &quot;${var.project_name}-orden-eliminada-handler-${var.environment}&quot;
		215 |   role          = aws_iam_role.lambda_exec.arn
		216 |   handler       = &quot;index.handler&quot;
		217 |   runtime       = &quot;python3.11&quot;
		218 |   timeout       = 30
		219 |   memory_size   = 256
		220 | 
		221 |   environment {
		222 |     variables = {
		223 |       DYNAMODB_TABLE = aws_dynamodb_table.informacion_original.name
		224 |     }
		225 |   }
		226 | }
</failure>
		</testcase>
		<testcase name="[NONE][CKV_AWS_173] Check encryption settings for Lambda environmental variable" classname="/lambda.tf.aws_lambda_function.orden_eliminada_handler" file="/lambda.tf">
			<failure type="failure" message="Check encryption settings for Lambda environmental variable">
Resource: aws_lambda_function.orden_eliminada_handler
File: /lambda.tf: 212-226
Guideline: https://docs.prismacloud.io/en/enterprise-edition/policy-reference/aws-policies/aws-serverless-policies/bc-aws-serverless-5

		212 | resource &quot;aws_lambda_function&quot; &quot;orden_eliminada_handler&quot; {
		213 |   filename      = &quot;lambda_functions/orden_eliminada_handler.zip&quot;
		214 |   function_name = &quot;${var.project_name}-orden-eliminada-handler-${var.environment}&quot;
		215 |   role          = aws_iam_role.lambda_exec.arn
		216 |   handler       = &quot;index.handler&quot;
		217 |   runtime       = &quot;python3.11&quot;
		218 |   timeout       = 30
		219 |   memory_size   = 256
		220 | 
		221 |   environment {
		222 |     variables = {
		223 |       DYNAMODB_TABLE = aws_dynamodb_table.informacion_original.name
		224 |     }
		225 |   }
		226 | }
</failure>
		</testcase>
		<testcase name="[NONE][CKV_AWS_50] X-Ray tracing is enabled for Lambda" classname="/lambda.tf.aws_lambda_function.orden_eliminada_handler" file="/lambda.tf">
			<failure type="failure" message="X-Ray tracing is enabled for Lambda">
Resource: aws_lambda_function.orden_eliminada_handler
File: /lambda.tf: 212-226
Guideline: https://docs.prismacloud.io/en/enterprise-edition/policy-reference/aws-policies/aws-serverless-policies/bc-aws-serverless-4

		212 | resource &quot;aws_lambda_function&quot; &quot;orden_eliminada_handler&quot; {
		213 |   filename      = &quot;lambda_functions/orden_eliminada_handler.zip&quot;
		214 |   function_name = &quot;${var.project_name}-orden-eliminada-handler-${var.environment}&quot;
		215 |   role          = aws_iam_role.lambda_exec.arn
		216 |   handler       = &quot;index.handler&quot;
		217 |   runtime       = &quot;python3.11&quot;
[...]

		63 | resource &quot;aws_lambda_function&quot; &quot;ses_notification_processor&quot; {
		64 |   filename      = &quot;lambda_functions/ses_notification_processor.zip&quot;
		65 |   function_name = &quot;${var.project_name}-ses-notification-processor-${var.environment}&quot;
		66 |   role          = aws_iam_role.lambda_exec.arn
		67 |   handler       = &quot;index.handler&quot;
		68 |   runtime       = &quot;python3.11&quot;
		69 |   timeout       = 30
		70 |   memory_size   = 256
		71 | 
		72 |   environment {
		73 |     variables = {
		74 |       DYNAMODB_TABLE = aws_dynamodb_table.usuarios.name
		75 |     }
		76 |   }
		77 | }
</failure>
		</testcase>
		<testcase name="[NONE][CKV_AWS_27] Ensure all data stored in the SQS queue is encrypted" classname="/sqs.tf.aws_sqs_queue.orden_recibida" file="/sqs.tf">
			<failure type="failure" message="Ensure all data stored in the SQS queue is encrypted">
Resource: aws_sqs_queue.orden_recibida
File: /sqs.tf: 1-17
Guideline: https://docs.prismacloud.io/en/enterprise-edition/policy-reference/aws-policies/aws-general-policies/general-16-encrypt-sqs-queue

		1  | resource &quot;aws_sqs_queue&quot; &quot;orden_recibida&quot; {
		2  |   name                       = &quot;${var.project_name}-orden-recibida-${var.environment}&quot;
		3  |   delay_seconds              = 0
		4  |   max_message_size           = 262144
		5  |   message_retention_seconds  = 345600
		6  |   receive_wait_time_seconds  = 10
		7  |   visibility_timeout_seconds = 300
		8  | 
		9  |   redrive_policy = jsonencode({
		10 |     deadLetterTargetArn = aws_sqs_queue.orden_recibida_dlq.arn
		11 |     maxReceiveCount     = 3
		12 |   })
		13 | 
		14 |   tags = {
		15 |     Name = &quot;${var.project_name}-orden-recibida&quot;
		16 |   }
		17 | }
</failure>
		</testcase>
		<testcase name="[NONE][CKV_AWS_27] Ensure all data stored in the SQS queue is encrypted" classname="/sqs.tf.aws_sqs_queue.orden_recibida_dlq" file="/sqs.tf">
			<failure type="failure" message="Ensure all data stored in the SQS queue is encrypted">
Resource: aws_sqs_queue.orden_recibida_dlq
File: /sqs.tf: 19-22
Guideline: https://docs.prismacloud.io/en/enterprise-edition/policy-reference/aws-policies/aws-general-policies/general-16-encrypt-sqs-queue

		19 | resource &quot;aws_sqs_queue&quot; &quot;orden_recibida_dlq&quot; {
		20 |   name                      = &quot;${var.project_name}-orden-recibida-dlq-${var.environment}&quot;
		21 |   message_retention_seconds = 1209600 # 14 días
		22 | }
</failure>
		</testcase>
		<testcase name="[NONE][CKV_AWS_27] Ensure all data stored in the SQS queue is encrypted" classname="/sqs.tf.aws_sqs_queue.orden_validada" file="/sqs.tf">
			<failure type="failure" message="Ensure all data stored in the SQS queue is encrypted">
Resource: aws_sqs_queue.orden_validada
File: /sqs.tf: 24-36
Guideline: https://docs.prismacloud.io/en/enterprise-edition/policy-reference/aws-policies/aws-general-policies/general-16-encrypt-sqs-queue

		24 | resource &quot;aws_sqs_queue&quot; &quot;orden_validada&quot; {
		25 |   name                       = &quot;${var.project_name}-orden-validada-${var.environment}&quot;
		26 |   delay_seconds              = 0
		27 |   max_message_size           = 262144
		28 |   message_retention_seconds  = 345600
		29 |   receive_wait_time_seconds  = 10
		30 |   visibility_timeout_seconds = 300
		31 | 
		32 |   redrive_policy = jsonencode({
		33 |     deadLetterTargetArn = aws_sqs_queue.orden_validada_dlq.arn
		34 |     maxReceiveCount     = 3
		35 |   })
		36 | }
</failure>
		</testcase>
		<testcase name="[NONE][CKV_AWS_27] Ensure all data stored in the SQS queue is encrypted" classname="/sqs.tf.aws_sqs_queue.orden_validada_dlq" file="/sqs.tf">
			<failure type="failure" message="Ensure all data stored in the SQS queue is encrypted">
Resource: aws_sqs_queue.orden_validada_dlq
File: /sqs.tf: 38-41
Guideline: https://docs.prismacloud.io/en/enterprise-edition/policy-reference/aws-policies/aws-general-policies/general-16-encrypt-sqs-queue

		38 | resource &quot;aws_sqs_queue&quot; &quot;orden_validada_dlq&quot; {
		39 |   name                      = &quot;${var.project_name}-orden-validada-dlq-${var.environment}&quot;
		40 |   message_retention_seconds = 1209600
		41 | }
</failure>
		</testcase>
		<testcase name="[NONE][CKV_AWS_27] Ensure all data stored in the SQS queue is encrypted" classname="/sqs.tf.aws_sqs_queue.orden_ejecutada" file="/sqs.tf">
			<failure type="failure" message="Ensure all data stored in the SQS queue is encrypted">
Resource: aws_sqs_queue.orden_ejecutada
File: /sqs.tf: 43-55
Guideline: https://docs.prismacloud.io/en/enterprise-edition/policy-reference/aws-policies/aws-general-policies/general-16-encrypt-sqs-queue

		43 | resource &quot;aws_sqs_queue&quot; &quot;orden_ejecutada&quot; {
		44 |   name                       = &quot;${var.project_name}-orden-ejecutada-${var.environment}&quot;
		45 |   delay_seconds              = 0
		46 |   max_message_size           = 262144
		47 |   message_retention_seconds  = 345600
		48 |   receive_wait_time_seconds  = 10
		49 |   visibility_timeout_seconds = 300
		50 | 
		51 |   redrive_policy = jsonencode({
		52 |     deadLetterTargetArn = aws_sqs_queue.orden_ejecutada_dlq.arn
		53 |     maxReceiveCount     = 3
		54 |   })
		55 | }
</failure>
		</testcase>
		<testcase name="[NONE][CKV_AWS_27] Ensure all data stored in the SQS queue is encrypted" classname="/sqs.tf.aws_sqs_queue.orden_ejecutada_dlq" file="/sqs.tf">
			<failure type="failure" message="Ensure all data stored in the SQS queue is encrypted">
Resource: aws_sqs_queue.orden_ejecutada_dlq
File: /sqs.tf: 57-60
Guideline: https://docs.prismacloud.io/en/enterprise-edition/policy-reference/aws-policies/aws-general-policies/general-16-encrypt-sqs-queue

		57 | resource &quot;aws_sqs_queue&quot; &quot;orden_ejecutada_dlq&quot; {
		58 |   name                      = &quot;${var.project_name}-orden-ejecutada-dlq-${var.environment}&quot;
		59 |   message_retention_seconds = 1209600
		60 | }
</failure>
		</testcase>
		<testcase name="[NONE][CKV_AWS_145] Ensure that S3 buckets are encrypted with KMS by default" classname="/cloudfront.tf.aws_s3_bucket.frontend" file="/cloudfront.tf">
			<failure type="failure" message="Ensure that S3 buckets are encrypted with KMS by default">
Resource: aws_s3_bucket.frontend
File: /cloudfront.tf: 1-3
Guideline: https://docs.prismacloud.io/en/enterprise-edition/policy-reference/aws-policies/aws-general-policies/ensure-that-s3-buckets-are-encrypted-with-kms-by-default

		1 | resource &quot;aws_s3_bucket&quot; &quot;frontend&quot; {
		2 |   bucket = &quot;${var.project_name}-frontend-${var.environment}&quot;
		3 | }
</failure>
		</testcase>
		<testcase name="[NONE][CKV_AWS_145] Ensure that S3 buckets are encrypted with KMS by default" classname="/s3.tf.aws_s3_bucket.data_storage" file="/s3.tf">
			<failure type="failure" message="Ensure that S3 buckets are encrypted with KMS by default">
Resource: aws_s3_bucket.data_storage
File: /s3.tf: 1-7
Guideline: https://docs.prismacloud.io/en/enterprise-edition/policy-reference/aws-policies/aws-general-policies/ensure-that-s3-buckets-are-encrypted-with-kms-by-default

		1 | resource &quot;aws_s3_bucket&quot; &quot;data_storage&quot; {
		2 |   bucket = &quot;${var.project_name}-data-storage-${var.environment}&quot;
		3 | 
		4 |   tags = {
		5 |     Name = &quot;${var.project_name}-data-storage&quot;
		6 |   }
		7 | }
</failure>
		</testcase>
		<testcase name="[NONE][CKV_AWS_21] Ensure all data stored in the S3 bucket have versioning enabled" classname="/cloudfront.tf.aws_s3_bucket.frontend" file="/cloudfront.tf">
			<failure type="failure" message="Ensure all data stored in the S3 bucket have versioning enabled">
Resource: aws_s3_bucket.frontend
File: /cloudfront.tf: 1-3
Guideline: https://docs.prismacloud.io/en/enterprise-edition/policy-reference/aws-policies/s3-policies/s3-16-enable-versioning

		1 | resource &quot;aws_s3_bucket&quot; &quot;frontend&quot; {
		2 |   bucket = &quot;${var.project_name}-frontend-${var.environment}&quot;
		3 | }
</failure>
		</testcase>
		<testcase name="[NONE][CKV2_AWS_61] Ensure that an S3 bucket has a lifecycle configuration" classname="/cloudfront.tf.aws_s3_bucket.frontend" file="/cloudfront.tf">
			<failure type="failure" message="Ensure that an S3 bucket has a lifecycle configuration">
Resource: aws_s3_bucket.frontend
File: /cloudfront.tf: 1-3
Guideline: https://docs.prismacloud.io/en/enterprise-edition/policy-reference/aws-policies/aws-logging-policies/bc-aws-2-61

		1 | resource &quot;aws_s3_bucket&quot; &quot;frontend&quot; {
		2 |   bucket = &quot;${var.project_name}-frontend-${var.environment}&quot;
		3 | }
</failure>
		</testcase>
		<testcase name="[NONE][CKV_AWS_18] Ensure the S3 bucket has access logging enabled" classname="/cloudfront.tf.aws_s3_bucket.frontend" file="/cloudfront.tf">
			<failure type="failure" message="Ensure the S3 bucket has access logging enabled">
Resource: aws_s3_bucket.frontend
File: /cloudfront.tf: 1-3
Guideline: https://docs.prismacloud.io/en/enterprise-edition/policy-reference/aws-policies/s3-policies/s3-13-enable-logging

		1 | resource &quot;aws_s3_bucket&quot; &quot;frontend&quot; {
		2 |   bucket = &quot;${var.project_name}-frontend-${var.environment}&quot;
		3 | }
</failure>
		</testcase>
		<testcase name="[NONE][CKV_AWS_18] Ensure the S3 bucket has access logging enabled" classname="/s3.tf.aws_s3_bucket.data_storage" file="/s3.tf">
			<failure type="failure" message="Ensure the S3 bucket has access logging enabled">
Resource: aws_s3_bucket.data_storage
File: /s3.tf: 1-7
Guideline: https://docs.prismacloud.io/en/enterprise-edition/policy-reference/aws-policies/s3-policies/s3-13-enable-logging

		1 | resource &quot;aws_s3_bucket&quot; &quot;data_storage&quot; {
		2 |   bucket = &quot;${var.project_name}-data-storage-${var.environment}&quot;
		3 | 
		4 |   tags = {
		5 |     Name = &quot;${var.project_name}-data-storage&quot;
		6 |   }
		7 | }
</failure>
		</testcase>
		<testcase name="[NONE][CKV2_AWS_51] Ensure AWS API Gateway endpoints uses client certificate authentication" classname="/api_gateway.tf.aws_api_gateway_stage.main" file="/api_gateway.tf">
			<failure type="failure" message="Ensure AWS API Gateway endpoints uses client certificate authentication">
Resource: aws_api_gateway_stage.main
File: /api_gateway.tf: 89-113
Guideline: https://docs.prismacloud.io/en/enterprise-edition/policy-reference/aws-policies/aws-general-policies/bc-aws-2-51

		89  | resource &quot;aws_api_gateway_stage&quot; &quot;main&quot; {
		90  |   deployment_id         = aws_api_gateway_deployment.main.id
		91  |   rest_api_id           = aws_api_gateway_rest_api.main.id
		92  |   stage_name            = var.environment
		93  |   cache_cluster_enabled = true
		94  |   cache_cluster_size    = &quot;0.5&quot;
		95  | 
		96  |   access_log_settings {
		97  |     destination_arn = aws_cloudwatch_log_group.api_gateway.arn
		98  |     format = jsonencode({
		99  |       requestId      = &quot;$context.requestId&quot;
		100 |       ip             = &quot;$context.identity.sourceIp&quot;
		101 |       caller         = &quot;$context.identity.caller&quot;
		102 |       user           = &quot;$context.identity.user&quot;
		103 |       requestTime    = &quot;$context.requestTime&quot;
		104 |       httpMethod     = &quot;$context.httpMethod&quot;
		105 |       resourcePath   = &quot;$context.resourcePath&quot;
		106 |       status         = &quot;$context.status&quot;
		107 |       protocol       = &quot;$context.protocol&quot;
		108 |       responseLength = &quot;$context.responseLength&quot;
		109 |     })
		110 |   }
		111 | 
		112 |   xray_tracing_enabled = true
		113 | }
</failure>
		</testcase>
		<testcase name="[NONE][CKV2_AWS_62] Ensure S3 buckets should have event notifications enabled" classname="/cloudfront.tf.aws_s3_bucket.frontend" file="/cloudfront.tf">
			<failure type="failure" message="Ensure S3 buckets should have event notifications enabled">
Resource: aws_s3_bucket.frontend
File: /cloudfront.tf: 1-3
Guideline: https://docs.prismacloud.io/en/enterprise-edition/policy-reference/aws-policies/aws-logging-policies/bc-aws-2-62

		1 | resource &quot;aws_s3_bucket&quot; &quot;frontend&quot; {
		2 |   bucket = &quot;${var.project_name}-frontend-${var.environment}&quot;
		3 | }
</failure>
		</testcase>
		<testcase name="[NONE][CKV2_AWS_32] Ensure CloudFront distribution has a response headers policy attached" classname="/cloudfront.tf.aws_cloudfront_distribution.main" file="/cloudfront.tf">
			<failure type="failure" message="Ensure CloudFront distribution has a response headers policy attached">
Resource: aws_cloudfront_distribution.main
File: /cloudfront.tf: 37-89
Guideline: https://docs.prismacloud.io/en/enterprise-edition/policy-reference/aws-policies/aws-networking-policies/bc-aws-networking-65

		Code lines for this resource are too many. Please use IDE of your choice to review the file.</failure>
		</testcase>
		<testcase name="[NONE][CKV2_AWS_47] Ensure AWS CloudFront attached WAFv2 WebACL is configured with AMR for Log4j Vulnerability" classname="/cloudfront.tf.aws_cloudfront_distribution.main" file="/cloudfront.tf">
			<failure type="failure" message="Ensure AWS CloudFront attached WAFv2 WebACL is configured with AMR for Log4j Vulnerability">
Resource: aws_cloudfront_distribution.main
File: /cloudfront.tf: 37-89
Guideline: https://docs.prismacloud.io/en/enterprise-edition/policy-reference/aws-policies/aws-general-policies/bc-aws-general-47

		Code lines for this resource are too many. Please use IDE of your choice to review the file.</failure>
		</testcase>
		<testcase name="[NONE][CKV2_AWS_38] Ensure Domain Name System Security Extensions (DNSSEC) signing is enabled for Amazon Route 53 public hosted zones" classname="/route53.tf.aws_route53_zone.main" file="/route53.tf">
			<failure type="failure" message="Ensure Domain Name System Security Extensions (DNSSEC) signing is enabled for Amazon Route 53 public hosted zones">
Resource: aws_route53_zone.main
File: /route53.tf: 1-4
Guideline: https://docs.prismacloud.io/en/enterprise-edition/policy-reference/aws-policies/aws-networking-policies/bc-aws-2-38

		1 | resource &quot;aws_route53_zone&quot; &quot;main&quot; {
		2 |   name    = var.domain_name
		3 |   comment = &quot;Zona DNS principal para ${var.project_name}&quot;
		4 | }
</failure>
		</testcase>
		<testcase name="[NONE][CKV2_AWS_53] Ensure AWS API gateway request is validated" classname="/api_gateway.tf.aws_api_gateway_method.ventas_post" file="/api_gateway.tf">
			<failure type="failure" message="Ensure AWS API gateway request is validated">
Resource: aws_api_gateway_method.ventas_post
File: /api_gateway.tf: 30-36
Guideline: https://docs.prismacloud.io/en/enterprise-edition/policy-reference/aws-policies/aws-general-policies/bc-aws-2-53

		30 | resource &quot;aws_api_gateway_method&quot; &quot;ventas_post&quot; {
		31 |   rest_api_id   = aws_api_gateway_rest_api.main.id
		32 |   resource_id   = aws_api_gateway_resource.ventas_id.id
		33 |   http_method   = &quot;POST&quot;
		34 |   authorization = &quot;COGNITO_USER_POOLS&quot;
		35 |   authorizer_id = aws_api_gateway_authorizer.cognito.id
		36 | }
</failure>
		</testcase>
		<testcase name="[NONE][CKV2_AWS_53] Ensure AWS API gateway request is validated" classname="/api_gateway.tf.aws_api_gateway_method.dev_get" file="/api_gateway.tf">
			<failure type="failure" message="Ensure AWS API gateway request is validated">
Resource: aws_api_gateway_method.dev_get
File: /api_gateway.tf: 59-65
Guideline: https://docs.prismacloud.io/en/enterprise-edition/policy-reference/aws-policies/aws-general-policies/bc-aws-2-53

		59 | resource &quot;aws_api_gateway_method&quot; &quot;dev_get&quot; {
		60 |   rest_api_id   = aws_api_gateway_rest_api.main.id
		61 |   resource_id   = aws_api_gateway_resource.dev_id.id
		62 |   http_method   = &quot;GET&quot;
		63 |   authorization = &quot;COGNITO_USER_POOLS&quot;
		64 |   authorizer_id = aws_api_gateway_authorizer.cognito.id
		65 | }
</failure>
		</testcase>
		<testcase name="[NONE][CKV2_AWS_39] Ensure Domain Name System (DNS) query logging is enabled for Amazon Route 53 hosted zones" classname="/route53.tf.aws_route53_zone.main" file="/route53.tf">
			<failure type="failure" message="Ensure Domain Name System (DNS) query logging is enabled for Amazon Route 53 hosted zones">
Resource: aws_route53_zone.main
File: /route53.tf: 1-4
Guideline: https://docs.prismacloud.io/en/enterprise-edition/policy-reference/aws-policies/aws-logging-policies/bc-aws-2-39

		1 | resource &quot;aws_route53_zone&quot; &quot;main&quot; {
		2 |   name    = var.domain_name
		3 |   comment = &quot;Zona DNS principal para ${var.project_name}&quot;
		4 | }
</failure>
		</testcase>
		<testcase name="[NONE][CKV_AWS_144] Ensure that S3 bucket has cross-region replication enabled" classname="/cloudfront.tf.aws_s3_bucket.frontend" file="/cloudfront.tf">
			<failure type="failure" message="Ensure that S3 bucket has cross-region replication enabled">
Resource: aws_s3_bucket.frontend
File: /cloudfront.tf: 1-3
Guideline: https://docs.prismacloud.io/en/enterprise-edition/policy-reference/aws-policies/aws-general-policies/ensure-that-s3-bucket-has-cross-region-replication-enabled

		1 | resource &quot;aws_s3_bucket&quot; &quot;frontend&quot; {
		2 |   bucket = &quot;${var.project_name}-frontend-${var.environment}&quot;
		3 | }
</failure>
		</testcase>
		<testcase name="[NONE][CKV_AWS_144] Ensure that S3 bucket has cross-region replication enabled" classname="/s3.tf.aws_s3_bucket.data_storage" file="/s3.tf">
			<failure type="failure" message="Ensure that S3 bucket has cross-region replication enabled">
Resource: aws_s3_bucket.data_storage
File: /s3.tf: 1-7
Guideline: https://docs.prismacloud.io/en/enterprise-edition/policy-reference/aws-policies/aws-general-policies/ensure-that-s3-bucket-has-cross-region-replication-enabled

		1 | resource &quot;aws_s3_bucket&quot; &quot;data_storage&quot; {
		2 |   bucket = &quot;${var.project_name}-data-storage-${var.environment}&quot;
		3 | 
		4 |   tags = {
		5 |     Name = &quot;${var.project_name}-data-storage&quot;
		6 |   }
		7 | }
</failure>
		</testcase>
		<testcase name="[NONE][CKV2_AWS_29] Ensure public API gateway are protected by WAF" classname="/api_gateway.tf.aws_api_gateway_stage.main" file="/api_gateway.tf">
			<failure type="failure" message="Ensure public API gateway are protected by WAF">
Resource: aws_api_gateway_stage.main
File: /api_gateway.tf: 89-113
Guideline: https://docs.prismacloud.io/en/enterprise-edition/policy-reference/aws-policies/aws-networking-policies/ensure-public-api-gateway-are-protected-by-waf

		89  | resource &quot;aws_api_gateway_stage&quot; &quot;main&quot; {
		90  |   deployment_id         = aws_api_gateway_deployment.main.id
		91  |   rest_api_id           = aws_api_gateway_rest_api.main.id
		92  |   stage_name            = var.environment
		93  |   cache_cluster_enabled = true
		94  |   cache_cluster_size    = &quot;0.5&quot;
		95  | 
		96  |   access_log_settings {
		97  |     destination_arn = aws_cloudwatch_log_group.api_gateway.arn
		98  |     format = jsonencode({
		99  |       requestId      = &quot;$context.requestId&quot;
		100 |       ip             = &quot;$context.identity.sourceIp&quot;
		101 |       caller         = &quot;$context.identity.caller&quot;
		102 |       user           = &quot;$context.identity.user&quot;
		103 |       requestTime    = &quot;$context.requestTime&quot;
		104 |       httpMethod     = &quot;$context.httpMethod&quot;
		105 |       resourcePath   = &quot;$context.resourcePath&quot;
		106 |       status         = &quot;$context.status&quot;
		107 |       protocol       = &quot;$context.protocol&quot;
		108 |       responseLength = &quot;$context.responseLength&quot;
		109 |     })
		110 |   }
		111 | 
		112 |   xray_tracing_enabled = true
		113 | }
</failure>
		</testcase>
	</testsuite>
</testsuites>
